CRITICAL - 2023-03-11 00:30:48 --> Call to undefined function form_open()
in APPPATH/Views/layouts/partials/searchbar.php on line 2.
 1 APPPATH/Views/layouts/alumni-index.php(21): include_once()
 2 SYSTEMPATH/View/View.php(213): include('APPPATH/Views/layouts/alumni-index.php')
 3 SYSTEMPATH/View/View.php(216): CodeIgniter\View\View->CodeIgniter\View\{closure}()
 4 SYSTEMPATH/Common.php(1134): CodeIgniter\View\View->render()
 5 APPPATH/Controllers/Alumni.php(13): view()
 6 SYSTEMPATH/CodeIgniter.php(927): App\Controllers\Alumni->index()
 7 SYSTEMPATH/CodeIgniter.php(482): CodeIgniter\CodeIgniter->runController()
 8 SYSTEMPATH/CodeIgniter.php(351): CodeIgniter\CodeIgniter->handleRequest()
 9 FCPATH/index.php(67): CodeIgniter\CodeIgniter->run()
CRITICAL - 2023-03-11 00:32:06 --> Call to undefined function form_open()
in APPPATH/Views/layouts/partials/searchbar.php on line 2.
 1 APPPATH/Views/layouts/alumni-index.php(21): include_once()
 2 SYSTEMPATH/View/View.php(213): include('APPPATH/Views/layouts/alumni-index.php')
 3 SYSTEMPATH/View/View.php(216): CodeIgniter\View\View->CodeIgniter\View\{closure}()
 4 SYSTEMPATH/Common.php(1134): CodeIgniter\View\View->render()
 5 APPPATH/Controllers/Alumni.php(13): view()
 6 SYSTEMPATH/CodeIgniter.php(927): App\Controllers\Alumni->index()
 7 SYSTEMPATH/CodeIgniter.php(482): CodeIgniter\CodeIgniter->runController()
 8 SYSTEMPATH/CodeIgniter.php(351): CodeIgniter\CodeIgniter->handleRequest()
 9 FCPATH/index.php(67): CodeIgniter\CodeIgniter->run()
CRITICAL - 2023-03-11 00:33:19 --> Undefined array key "search"
in APPPATH/Views/layouts/partials/searchbar.php on line 2.
 1 APPPATH/Views/layouts/partials/searchbar.php(2): CodeIgniter\Debug\Exceptions->errorHandler()
 2 APPPATH/Views/layouts/alumni-index.php(21): include_once('APPPATH/Views/layouts/partials/searchbar.php')
 3 SYSTEMPATH/View/View.php(213): include('APPPATH/Views/layouts/alumni-index.php')
 4 SYSTEMPATH/View/View.php(216): CodeIgniter\View\View->CodeIgniter\View\{closure}()
 5 SYSTEMPATH/Common.php(1134): CodeIgniter\View\View->render()
 6 APPPATH/Controllers/Alumni.php(32): view()
 7 SYSTEMPATH/CodeIgniter.php(927): App\Controllers\Alumni->index()
 8 SYSTEMPATH/CodeIgniter.php(482): CodeIgniter\CodeIgniter->runController()
 9 SYSTEMPATH/CodeIgniter.php(351): CodeIgniter\CodeIgniter->handleRequest()
10 FCPATH/index.php(67): CodeIgniter\CodeIgniter->run()
CRITICAL - 2023-03-11 00:33:47 --> Undefined array key "search"
in APPPATH/Views/layouts/partials/searchbar.php on line 2.
 1 APPPATH/Views/layouts/partials/searchbar.php(2): CodeIgniter\Debug\Exceptions->errorHandler()
 2 APPPATH/Views/layouts/alumni-index.php(21): include_once('APPPATH/Views/layouts/partials/searchbar.php')
 3 SYSTEMPATH/View/View.php(213): include('APPPATH/Views/layouts/alumni-index.php')
 4 SYSTEMPATH/View/View.php(216): CodeIgniter\View\View->CodeIgniter\View\{closure}()
 5 SYSTEMPATH/Common.php(1134): CodeIgniter\View\View->render()
 6 APPPATH/Controllers/Alumni.php(33): view()
 7 SYSTEMPATH/CodeIgniter.php(927): App\Controllers\Alumni->index()
 8 SYSTEMPATH/CodeIgniter.php(482): CodeIgniter\CodeIgniter->runController()
 9 SYSTEMPATH/CodeIgniter.php(351): CodeIgniter\CodeIgniter->handleRequest()
10 FCPATH/index.php(67): CodeIgniter\CodeIgniter->run()
CRITICAL - 2023-03-11 00:33:49 --> Undefined array key "search"
in APPPATH/Views/layouts/partials/searchbar.php on line 2.
 1 APPPATH/Views/layouts/partials/searchbar.php(2): CodeIgniter\Debug\Exceptions->errorHandler()
 2 APPPATH/Views/layouts/alumni-index.php(21): include_once('APPPATH/Views/layouts/partials/searchbar.php')
 3 SYSTEMPATH/View/View.php(213): include('APPPATH/Views/layouts/alumni-index.php')
 4 SYSTEMPATH/View/View.php(216): CodeIgniter\View\View->CodeIgniter\View\{closure}()
 5 SYSTEMPATH/Common.php(1134): CodeIgniter\View\View->render()
 6 APPPATH/Controllers/Alumni.php(33): view()
 7 SYSTEMPATH/CodeIgniter.php(927): App\Controllers\Alumni->index()
 8 SYSTEMPATH/CodeIgniter.php(482): CodeIgniter\CodeIgniter->runController()
 9 SYSTEMPATH/CodeIgniter.php(351): CodeIgniter\CodeIgniter->handleRequest()
10 FCPATH/index.php(67): CodeIgniter\CodeIgniter->run()
CRITICAL - 2023-03-11 01:20:59 --> syntax error, unexpected token "}"
in APPPATH/Models/PageModels.php on line 42.
 1 SYSTEMPATH/Autoloader/Autoloader.php(259): CodeIgniter\Autoloader\Autoloader->includeFile()
 2 SYSTEMPATH/Autoloader/Autoloader.php(237): CodeIgniter\Autoloader\Autoloader->loadInNamespace()
 3 APPPATH/Controllers/Announcement.php(16): CodeIgniter\Autoloader\Autoloader->loadClass()
 4 SYSTEMPATH/CodeIgniter.php(889): App\Controllers\Announcement->__construct()
 5 SYSTEMPATH/CodeIgniter.php(473): CodeIgniter\CodeIgniter->createController()
 6 SYSTEMPATH/CodeIgniter.php(351): CodeIgniter\CodeIgniter->handleRequest()
 7 FCPATH/index.php(67): CodeIgniter\CodeIgniter->run()
CRITICAL - 2023-03-11 01:33:53 --> Call to undefined function form_open()
in APPPATH/Views/layouts/partials/searchbar.php on line 2.
 1 APPPATH/Views/layouts/alumni-submission.php(19): include_once()
 2 SYSTEMPATH/View/View.php(213): include('APPPATH/Views/layouts/alumni-submission.php')
 3 SYSTEMPATH/View/View.php(216): CodeIgniter\View\View->CodeIgniter\View\{closure}()
 4 SYSTEMPATH/Common.php(1134): CodeIgniter\View\View->render()
 5 APPPATH/Controllers/AlumniSubmission.php(12): view()
 6 SYSTEMPATH/CodeIgniter.php(927): App\Controllers\AlumniSubmission->index()
 7 SYSTEMPATH/CodeIgniter.php(482): CodeIgniter\CodeIgniter->runController()
 8 SYSTEMPATH/CodeIgniter.php(351): CodeIgniter\CodeIgniter->handleRequest()
 9 FCPATH/index.php(67): CodeIgniter\CodeIgniter->run()
CRITICAL - 2023-03-11 01:34:42 --> Call to undefined function form_open()
in APPPATH/Views/layouts/partials/searchbar.php on line 2.
 1 APPPATH/Views/layouts/alumni-submission.php(19): include_once()
 2 SYSTEMPATH/View/View.php(213): include('APPPATH/Views/layouts/alumni-submission.php')
 3 SYSTEMPATH/View/View.php(216): CodeIgniter\View\View->CodeIgniter\View\{closure}()
 4 SYSTEMPATH/Common.php(1134): CodeIgniter\View\View->render()
 5 APPPATH/Controllers/AlumniSubmission.php(12): view()
 6 SYSTEMPATH/CodeIgniter.php(927): App\Controllers\AlumniSubmission->index()
 7 SYSTEMPATH/CodeIgniter.php(482): CodeIgniter\CodeIgniter->runController()
 8 SYSTEMPATH/CodeIgniter.php(351): CodeIgniter\CodeIgniter->handleRequest()
 9 FCPATH/index.php(67): CodeIgniter\CodeIgniter->run()
