CRITICAL - 2023-02-24 01:35:45 --> Invalid file: content/announcement-index.php
in SYSTEMPATH/Exceptions/FrameworkException.php on line 33.
 1 SYSTEMPATH/View/View.php(201): CodeIgniter\Exceptions\FrameworkException::forInvalidFile()
 2 SYSTEMPATH/Common.php(1134): CodeIgniter\View\View->render()
 3 APPPATH/Controllers/Announcement.php(12): view()
 4 SYSTEMPATH/CodeIgniter.php(927): App\Controllers\Announcement->index()
 5 SYSTEMPATH/CodeIgniter.php(482): CodeIgniter\CodeIgniter->runController()
 6 SYSTEMPATH/CodeIgniter.php(351): CodeIgniter\CodeIgniter->handleRequest()
 7 FCPATH/index.php(67): CodeIgniter\CodeIgniter->run()
CRITICAL - 2023-02-24 04:01:53 --> include(../partials/searchbar): failed to open stream: No such file or directory
in APPPATH/Views/contents/announcement-index.php on line 10.
 1 APPPATH/Views/contents/announcement-index.php(10): CodeIgniter\Debug\Exceptions->errorHandler()
 2 APPPATH/Views/contents/announcement-index.php(10): include()
 3 SYSTEMPATH/View/View.php(213): include('APPPATH/Views/contents/announcement-index.php')
 4 SYSTEMPATH/View/View.php(216): CodeIgniter\View\View->CodeIgniter\View\{closure}()
 5 SYSTEMPATH/Common.php(1134): CodeIgniter\View\View->render()
 6 APPPATH/Controllers/Announcement.php(12): view()
 7 SYSTEMPATH/CodeIgniter.php(927): App\Controllers\Announcement->index()
 8 SYSTEMPATH/CodeIgniter.php(482): CodeIgniter\CodeIgniter->runController()
 9 SYSTEMPATH/CodeIgniter.php(351): CodeIgniter\CodeIgniter->handleRequest()
10 FCPATH/index.php(67): CodeIgniter\CodeIgniter->run()
CRITICAL - 2023-02-24 04:02:28 --> include(../partials/searchbar.php): failed to open stream: No such file or directory
in APPPATH/Views/contents/announcement-index.php on line 10.
 1 APPPATH/Views/contents/announcement-index.php(10): CodeIgniter\Debug\Exceptions->errorHandler()
 2 APPPATH/Views/contents/announcement-index.php(10): include()
 3 SYSTEMPATH/View/View.php(213): include('APPPATH/Views/contents/announcement-index.php')
 4 SYSTEMPATH/View/View.php(216): CodeIgniter\View\View->CodeIgniter\View\{closure}()
 5 SYSTEMPATH/Common.php(1134): CodeIgniter\View\View->render()
 6 APPPATH/Controllers/Announcement.php(12): view()
 7 SYSTEMPATH/CodeIgniter.php(927): App\Controllers\Announcement->index()
 8 SYSTEMPATH/CodeIgniter.php(482): CodeIgniter\CodeIgniter->runController()
 9 SYSTEMPATH/CodeIgniter.php(351): CodeIgniter\CodeIgniter->handleRequest()
10 FCPATH/index.php(67): CodeIgniter\CodeIgniter->run()
CRITICAL - 2023-02-24 04:02:30 --> include(../partials/searchbar.php): failed to open stream: No such file or directory
in APPPATH/Views/contents/announcement-index.php on line 10.
 1 APPPATH/Views/contents/announcement-index.php(10): CodeIgniter\Debug\Exceptions->errorHandler()
 2 APPPATH/Views/contents/announcement-index.php(10): include()
 3 SYSTEMPATH/View/View.php(213): include('APPPATH/Views/contents/announcement-index.php')
 4 SYSTEMPATH/View/View.php(216): CodeIgniter\View\View->CodeIgniter\View\{closure}()
 5 SYSTEMPATH/Common.php(1134): CodeIgniter\View\View->render()
 6 APPPATH/Controllers/Announcement.php(12): view()
 7 SYSTEMPATH/CodeIgniter.php(927): App\Controllers\Announcement->index()
 8 SYSTEMPATH/CodeIgniter.php(482): CodeIgniter\CodeIgniter->runController()
 9 SYSTEMPATH/CodeIgniter.php(351): CodeIgniter\CodeIgniter->handleRequest()
10 FCPATH/index.php(67): CodeIgniter\CodeIgniter->run()
CRITICAL - 2023-02-24 04:05:24 --> include(../partials/searchbar): failed to open stream: No such file or directory
in APPPATH/Views/layouts/announcement-index.php on line 10.
 1 APPPATH/Views/layouts/announcement-index.php(10): CodeIgniter\Debug\Exceptions->errorHandler()
 2 APPPATH/Views/layouts/announcement-index.php(10): include()
 3 SYSTEMPATH/View/View.php(213): include('APPPATH/Views/layouts/announcement-index.php')
 4 SYSTEMPATH/View/View.php(216): CodeIgniter\View\View->CodeIgniter\View\{closure}()
 5 SYSTEMPATH/Common.php(1134): CodeIgniter\View\View->render()
 6 APPPATH/Controllers/Announcement.php(12): view()
 7 SYSTEMPATH/CodeIgniter.php(927): App\Controllers\Announcement->index()
 8 SYSTEMPATH/CodeIgniter.php(482): CodeIgniter\CodeIgniter->runController()
 9 SYSTEMPATH/CodeIgniter.php(351): CodeIgniter\CodeIgniter->handleRequest()
10 FCPATH/index.php(67): CodeIgniter\CodeIgniter->run()
CRITICAL - 2023-02-24 04:06:14 --> include_once(../partials/searchbar): failed to open stream: No such file or directory
in APPPATH/Views/layouts/announcement-index.php on line 10.
 1 APPPATH/Views/layouts/announcement-index.php(10): CodeIgniter\Debug\Exceptions->errorHandler()
 2 APPPATH/Views/layouts/announcement-index.php(10): include_once()
 3 SYSTEMPATH/View/View.php(213): include('APPPATH/Views/layouts/announcement-index.php')
 4 SYSTEMPATH/View/View.php(216): CodeIgniter\View\View->CodeIgniter\View\{closure}()
 5 SYSTEMPATH/Common.php(1134): CodeIgniter\View\View->render()
 6 APPPATH/Controllers/Announcement.php(12): view()
 7 SYSTEMPATH/CodeIgniter.php(927): App\Controllers\Announcement->index()
 8 SYSTEMPATH/CodeIgniter.php(482): CodeIgniter\CodeIgniter->runController()
 9 SYSTEMPATH/CodeIgniter.php(351): CodeIgniter\CodeIgniter->handleRequest()
10 FCPATH/index.php(67): CodeIgniter\CodeIgniter->run()
CRITICAL - 2023-02-24 04:06:15 --> include_once(../partials/searchbar): failed to open stream: No such file or directory
in APPPATH/Views/layouts/announcement-index.php on line 10.
 1 APPPATH/Views/layouts/announcement-index.php(10): CodeIgniter\Debug\Exceptions->errorHandler()
 2 APPPATH/Views/layouts/announcement-index.php(10): include_once()
 3 SYSTEMPATH/View/View.php(213): include('APPPATH/Views/layouts/announcement-index.php')
 4 SYSTEMPATH/View/View.php(216): CodeIgniter\View\View->CodeIgniter\View\{closure}()
 5 SYSTEMPATH/Common.php(1134): CodeIgniter\View\View->render()
 6 APPPATH/Controllers/Announcement.php(12): view()
 7 SYSTEMPATH/CodeIgniter.php(927): App\Controllers\Announcement->index()
 8 SYSTEMPATH/CodeIgniter.php(482): CodeIgniter\CodeIgniter->runController()
 9 SYSTEMPATH/CodeIgniter.php(351): CodeIgniter\CodeIgniter->handleRequest()
10 FCPATH/index.php(67): CodeIgniter\CodeIgniter->run()
CRITICAL - 2023-02-24 04:06:16 --> include_once(../partials/searchbar): failed to open stream: No such file or directory
in APPPATH/Views/layouts/announcement-index.php on line 10.
 1 APPPATH/Views/layouts/announcement-index.php(10): CodeIgniter\Debug\Exceptions->errorHandler()
 2 APPPATH/Views/layouts/announcement-index.php(10): include_once()
 3 SYSTEMPATH/View/View.php(213): include('APPPATH/Views/layouts/announcement-index.php')
 4 SYSTEMPATH/View/View.php(216): CodeIgniter\View\View->CodeIgniter\View\{closure}()
 5 SYSTEMPATH/Common.php(1134): CodeIgniter\View\View->render()
 6 APPPATH/Controllers/Announcement.php(12): view()
 7 SYSTEMPATH/CodeIgniter.php(927): App\Controllers\Announcement->index()
 8 SYSTEMPATH/CodeIgniter.php(482): CodeIgniter\CodeIgniter->runController()
 9 SYSTEMPATH/CodeIgniter.php(351): CodeIgniter\CodeIgniter->handleRequest()
10 FCPATH/index.php(67): CodeIgniter\CodeIgniter->run()
CRITICAL - 2023-02-24 04:06:17 --> include_once(../partials/searchbar): failed to open stream: No such file or directory
in APPPATH/Views/layouts/announcement-index.php on line 10.
 1 APPPATH/Views/layouts/announcement-index.php(10): CodeIgniter\Debug\Exceptions->errorHandler()
 2 APPPATH/Views/layouts/announcement-index.php(10): include_once()
 3 SYSTEMPATH/View/View.php(213): include('APPPATH/Views/layouts/announcement-index.php')
 4 SYSTEMPATH/View/View.php(216): CodeIgniter\View\View->CodeIgniter\View\{closure}()
 5 SYSTEMPATH/Common.php(1134): CodeIgniter\View\View->render()
 6 APPPATH/Controllers/Announcement.php(12): view()
 7 SYSTEMPATH/CodeIgniter.php(927): App\Controllers\Announcement->index()
 8 SYSTEMPATH/CodeIgniter.php(482): CodeIgniter\CodeIgniter->runController()
 9 SYSTEMPATH/CodeIgniter.php(351): CodeIgniter\CodeIgniter->handleRequest()
10 FCPATH/index.php(67): CodeIgniter\CodeIgniter->run()
CRITICAL - 2023-02-24 04:06:17 --> include_once(../partials/searchbar): failed to open stream: No such file or directory
in APPPATH/Views/layouts/announcement-index.php on line 10.
 1 APPPATH/Views/layouts/announcement-index.php(10): CodeIgniter\Debug\Exceptions->errorHandler()
 2 APPPATH/Views/layouts/announcement-index.php(10): include_once()
 3 SYSTEMPATH/View/View.php(213): include('APPPATH/Views/layouts/announcement-index.php')
 4 SYSTEMPATH/View/View.php(216): CodeIgniter\View\View->CodeIgniter\View\{closure}()
 5 SYSTEMPATH/Common.php(1134): CodeIgniter\View\View->render()
 6 APPPATH/Controllers/Announcement.php(12): view()
 7 SYSTEMPATH/CodeIgniter.php(927): App\Controllers\Announcement->index()
 8 SYSTEMPATH/CodeIgniter.php(482): CodeIgniter\CodeIgniter->runController()
 9 SYSTEMPATH/CodeIgniter.php(351): CodeIgniter\CodeIgniter->handleRequest()
10 FCPATH/index.php(67): CodeIgniter\CodeIgniter->run()
CRITICAL - 2023-02-24 04:06:17 --> include_once(../partials/searchbar): failed to open stream: No such file or directory
in APPPATH/Views/layouts/announcement-index.php on line 10.
 1 APPPATH/Views/layouts/announcement-index.php(10): CodeIgniter\Debug\Exceptions->errorHandler()
 2 APPPATH/Views/layouts/announcement-index.php(10): include_once()
 3 SYSTEMPATH/View/View.php(213): include('APPPATH/Views/layouts/announcement-index.php')
 4 SYSTEMPATH/View/View.php(216): CodeIgniter\View\View->CodeIgniter\View\{closure}()
 5 SYSTEMPATH/Common.php(1134): CodeIgniter\View\View->render()
 6 APPPATH/Controllers/Announcement.php(12): view()
 7 SYSTEMPATH/CodeIgniter.php(927): App\Controllers\Announcement->index()
 8 SYSTEMPATH/CodeIgniter.php(482): CodeIgniter\CodeIgniter->runController()
 9 SYSTEMPATH/CodeIgniter.php(351): CodeIgniter\CodeIgniter->handleRequest()
10 FCPATH/index.php(67): CodeIgniter\CodeIgniter->run()
CRITICAL - 2023-02-24 04:06:23 --> include_once(../partials/searchbar): failed to open stream: No such file or directory
in APPPATH/Views/layouts/announcement-index.php on line 10.
 1 APPPATH/Views/layouts/announcement-index.php(10): CodeIgniter\Debug\Exceptions->errorHandler()
 2 APPPATH/Views/layouts/announcement-index.php(10): include_once()
 3 SYSTEMPATH/View/View.php(213): include('APPPATH/Views/layouts/announcement-index.php')
 4 SYSTEMPATH/View/View.php(216): CodeIgniter\View\View->CodeIgniter\View\{closure}()
 5 SYSTEMPATH/Common.php(1134): CodeIgniter\View\View->render()
 6 APPPATH/Controllers/Announcement.php(12): view()
 7 SYSTEMPATH/CodeIgniter.php(927): App\Controllers\Announcement->index()
 8 SYSTEMPATH/CodeIgniter.php(482): CodeIgniter\CodeIgniter->runController()
 9 SYSTEMPATH/CodeIgniter.php(351): CodeIgniter\CodeIgniter->handleRequest()
10 FCPATH/index.php(67): CodeIgniter\CodeIgniter->run()
CRITICAL - 2023-02-24 04:07:13 --> include_once(../partials/searchbar.php): failed to open stream: No such file or directory
in APPPATH/Views/layouts/announcement-index.php on line 10.
 1 APPPATH/Views/layouts/announcement-index.php(10): CodeIgniter\Debug\Exceptions->errorHandler()
 2 APPPATH/Views/layouts/announcement-index.php(10): include_once()
 3 SYSTEMPATH/View/View.php(213): include('APPPATH/Views/layouts/announcement-index.php')
 4 SYSTEMPATH/View/View.php(216): CodeIgniter\View\View->CodeIgniter\View\{closure}()
 5 SYSTEMPATH/Common.php(1134): CodeIgniter\View\View->render()
 6 APPPATH/Controllers/Announcement.php(12): view()
 7 SYSTEMPATH/CodeIgniter.php(927): App\Controllers\Announcement->index()
 8 SYSTEMPATH/CodeIgniter.php(482): CodeIgniter\CodeIgniter->runController()
 9 SYSTEMPATH/CodeIgniter.php(351): CodeIgniter\CodeIgniter->handleRequest()
10 FCPATH/index.php(67): CodeIgniter\CodeIgniter->run()
CRITICAL - 2023-02-24 04:09:28 --> include_once(../partials/searchbar.php): failed to open stream: No such file or directory
in APPPATH/Views/layouts/announcement-index.php on line 10.
 1 APPPATH/Views/layouts/announcement-index.php(10): CodeIgniter\Debug\Exceptions->errorHandler()
 2 APPPATH/Views/layouts/announcement-index.php(10): include_once()
 3 SYSTEMPATH/View/View.php(213): include('APPPATH/Views/layouts/announcement-index.php')
 4 SYSTEMPATH/View/View.php(216): CodeIgniter\View\View->CodeIgniter\View\{closure}()
 5 SYSTEMPATH/Common.php(1134): CodeIgniter\View\View->render()
 6 APPPATH/Controllers/Announcement.php(12): view()
 7 SYSTEMPATH/CodeIgniter.php(927): App\Controllers\Announcement->index()
 8 SYSTEMPATH/CodeIgniter.php(482): CodeIgniter\CodeIgniter->runController()
 9 SYSTEMPATH/CodeIgniter.php(351): CodeIgniter\CodeIgniter->handleRequest()
10 FCPATH/index.php(67): CodeIgniter\CodeIgniter->run()
CRITICAL - 2023-02-24 04:09:41 --> include_once(../partials/searchbar.php): failed to open stream: No such file or directory
in APPPATH/Views/layouts/announcement-index.php on line 10.
 1 APPPATH/Views/layouts/announcement-index.php(10): CodeIgniter\Debug\Exceptions->errorHandler()
 2 APPPATH/Views/layouts/announcement-index.php(10): include_once()
 3 SYSTEMPATH/View/View.php(213): include('APPPATH/Views/layouts/announcement-index.php')
 4 SYSTEMPATH/View/View.php(216): CodeIgniter\View\View->CodeIgniter\View\{closure}()
 5 SYSTEMPATH/Common.php(1134): CodeIgniter\View\View->render()
 6 APPPATH/Controllers/Announcement.php(12): view()
 7 SYSTEMPATH/CodeIgniter.php(927): App\Controllers\Announcement->index()
 8 SYSTEMPATH/CodeIgniter.php(482): CodeIgniter\CodeIgniter->runController()
 9 SYSTEMPATH/CodeIgniter.php(351): CodeIgniter\CodeIgniter->handleRequest()
10 FCPATH/index.php(67): CodeIgniter\CodeIgniter->run()
CRITICAL - 2023-02-24 04:09:43 --> include_once(../partials/searchbar.php): failed to open stream: No such file or directory
in APPPATH/Views/layouts/announcement-index.php on line 10.
 1 APPPATH/Views/layouts/announcement-index.php(10): CodeIgniter\Debug\Exceptions->errorHandler()
 2 APPPATH/Views/layouts/announcement-index.php(10): include_once()
 3 SYSTEMPATH/View/View.php(213): include('APPPATH/Views/layouts/announcement-index.php')
 4 SYSTEMPATH/View/View.php(216): CodeIgniter\View\View->CodeIgniter\View\{closure}()
 5 SYSTEMPATH/Common.php(1134): CodeIgniter\View\View->render()
 6 APPPATH/Controllers/Announcement.php(12): view()
 7 SYSTEMPATH/CodeIgniter.php(927): App\Controllers\Announcement->index()
 8 SYSTEMPATH/CodeIgniter.php(482): CodeIgniter\CodeIgniter->runController()
 9 SYSTEMPATH/CodeIgniter.php(351): CodeIgniter\CodeIgniter->handleRequest()
10 FCPATH/index.php(67): CodeIgniter\CodeIgniter->run()
CRITICAL - 2023-02-24 04:11:32 --> include_once(dashboard): failed to open stream: No such file or directory
in APPPATH/Views/layouts/announcement-index.php on line 10.
 1 APPPATH/Views/layouts/announcement-index.php(10): CodeIgniter\Debug\Exceptions->errorHandler()
 2 APPPATH/Views/layouts/announcement-index.php(10): include_once()
 3 SYSTEMPATH/View/View.php(213): include('APPPATH/Views/layouts/announcement-index.php')
 4 SYSTEMPATH/View/View.php(216): CodeIgniter\View\View->CodeIgniter\View\{closure}()
 5 SYSTEMPATH/Common.php(1134): CodeIgniter\View\View->render()
 6 APPPATH/Controllers/Announcement.php(12): view()
 7 SYSTEMPATH/CodeIgniter.php(927): App\Controllers\Announcement->index()
 8 SYSTEMPATH/CodeIgniter.php(482): CodeIgniter\CodeIgniter->runController()
 9 SYSTEMPATH/CodeIgniter.php(351): CodeIgniter\CodeIgniter->handleRequest()
10 FCPATH/index.php(67): CodeIgniter\CodeIgniter->run()
CRITICAL - 2023-02-24 04:12:05 --> include_once(../partials/searchbar.php): failed to open stream: No such file or directory
in APPPATH/Views/layouts/announcement-index.php on line 10.
 1 APPPATH/Views/layouts/announcement-index.php(10): CodeIgniter\Debug\Exceptions->errorHandler()
 2 APPPATH/Views/layouts/announcement-index.php(10): include_once()
 3 SYSTEMPATH/View/View.php(213): include('APPPATH/Views/layouts/announcement-index.php')
 4 SYSTEMPATH/View/View.php(216): CodeIgniter\View\View->CodeIgniter\View\{closure}()
 5 SYSTEMPATH/Common.php(1134): CodeIgniter\View\View->render()
 6 APPPATH/Controllers/Announcement.php(12): view()
 7 SYSTEMPATH/CodeIgniter.php(927): App\Controllers\Announcement->index()
 8 SYSTEMPATH/CodeIgniter.php(482): CodeIgniter\CodeIgniter->runController()
 9 SYSTEMPATH/CodeIgniter.php(351): CodeIgniter\CodeIgniter->handleRequest()
10 FCPATH/index.php(67): CodeIgniter\CodeIgniter->run()
CRITICAL - 2023-02-24 04:12:06 --> include_once(../partials/searchbar.php): failed to open stream: No such file or directory
in APPPATH/Views/layouts/announcement-index.php on line 10.
 1 APPPATH/Views/layouts/announcement-index.php(10): CodeIgniter\Debug\Exceptions->errorHandler()
 2 APPPATH/Views/layouts/announcement-index.php(10): include_once()
 3 SYSTEMPATH/View/View.php(213): include('APPPATH/Views/layouts/announcement-index.php')
 4 SYSTEMPATH/View/View.php(216): CodeIgniter\View\View->CodeIgniter\View\{closure}()
 5 SYSTEMPATH/Common.php(1134): CodeIgniter\View\View->render()
 6 APPPATH/Controllers/Announcement.php(12): view()
 7 SYSTEMPATH/CodeIgniter.php(927): App\Controllers\Announcement->index()
 8 SYSTEMPATH/CodeIgniter.php(482): CodeIgniter\CodeIgniter->runController()
 9 SYSTEMPATH/CodeIgniter.php(351): CodeIgniter\CodeIgniter->handleRequest()
10 FCPATH/index.php(67): CodeIgniter\CodeIgniter->run()
CRITICAL - 2023-02-24 04:12:15 --> include_once(.../partials/searchbar.php): failed to open stream: No such file or directory
in APPPATH/Views/layouts/announcement-index.php on line 10.
 1 APPPATH/Views/layouts/announcement-index.php(10): CodeIgniter\Debug\Exceptions->errorHandler()
 2 APPPATH/Views/layouts/announcement-index.php(10): include_once()
 3 SYSTEMPATH/View/View.php(213): include('APPPATH/Views/layouts/announcement-index.php')
 4 SYSTEMPATH/View/View.php(216): CodeIgniter\View\View->CodeIgniter\View\{closure}()
 5 SYSTEMPATH/Common.php(1134): CodeIgniter\View\View->render()
 6 APPPATH/Controllers/Announcement.php(12): view()
 7 SYSTEMPATH/CodeIgniter.php(927): App\Controllers\Announcement->index()
 8 SYSTEMPATH/CodeIgniter.php(482): CodeIgniter\CodeIgniter->runController()
 9 SYSTEMPATH/CodeIgniter.php(351): CodeIgniter\CodeIgniter->handleRequest()
10 FCPATH/index.php(67): CodeIgniter\CodeIgniter->run()
CRITICAL - 2023-02-24 04:12:20 --> include_once(./partials/searchbar.php): failed to open stream: No such file or directory
in APPPATH/Views/layouts/announcement-index.php on line 10.
 1 APPPATH/Views/layouts/announcement-index.php(10): CodeIgniter\Debug\Exceptions->errorHandler()
 2 APPPATH/Views/layouts/announcement-index.php(10): include_once()
 3 SYSTEMPATH/View/View.php(213): include('APPPATH/Views/layouts/announcement-index.php')
 4 SYSTEMPATH/View/View.php(216): CodeIgniter\View\View->CodeIgniter\View\{closure}()
 5 SYSTEMPATH/Common.php(1134): CodeIgniter\View\View->render()
 6 APPPATH/Controllers/Announcement.php(12): view()
 7 SYSTEMPATH/CodeIgniter.php(927): App\Controllers\Announcement->index()
 8 SYSTEMPATH/CodeIgniter.php(482): CodeIgniter\CodeIgniter->runController()
 9 SYSTEMPATH/CodeIgniter.php(351): CodeIgniter\CodeIgniter->handleRequest()
10 FCPATH/index.php(67): CodeIgniter\CodeIgniter->run()
CRITICAL - 2023-02-24 04:12:22 --> include_once(./partials/searchbar.php): failed to open stream: No such file or directory
in APPPATH/Views/layouts/announcement-index.php on line 10.
 1 APPPATH/Views/layouts/announcement-index.php(10): CodeIgniter\Debug\Exceptions->errorHandler()
 2 APPPATH/Views/layouts/announcement-index.php(10): include_once()
 3 SYSTEMPATH/View/View.php(213): include('APPPATH/Views/layouts/announcement-index.php')
 4 SYSTEMPATH/View/View.php(216): CodeIgniter\View\View->CodeIgniter\View\{closure}()
 5 SYSTEMPATH/Common.php(1134): CodeIgniter\View\View->render()
 6 APPPATH/Controllers/Announcement.php(12): view()
 7 SYSTEMPATH/CodeIgniter.php(927): App\Controllers\Announcement->index()
 8 SYSTEMPATH/CodeIgniter.php(482): CodeIgniter\CodeIgniter->runController()
 9 SYSTEMPATH/CodeIgniter.php(351): CodeIgniter\CodeIgniter->handleRequest()
10 FCPATH/index.php(67): CodeIgniter\CodeIgniter->run()
CRITICAL - 2023-02-24 04:12:22 --> include_once(./partials/searchbar.php): failed to open stream: No such file or directory
in APPPATH/Views/layouts/announcement-index.php on line 10.
 1 APPPATH/Views/layouts/announcement-index.php(10): CodeIgniter\Debug\Exceptions->errorHandler()
 2 APPPATH/Views/layouts/announcement-index.php(10): include_once()
 3 SYSTEMPATH/View/View.php(213): include('APPPATH/Views/layouts/announcement-index.php')
 4 SYSTEMPATH/View/View.php(216): CodeIgniter\View\View->CodeIgniter\View\{closure}()
 5 SYSTEMPATH/Common.php(1134): CodeIgniter\View\View->render()
 6 APPPATH/Controllers/Announcement.php(12): view()
 7 SYSTEMPATH/CodeIgniter.php(927): App\Controllers\Announcement->index()
 8 SYSTEMPATH/CodeIgniter.php(482): CodeIgniter\CodeIgniter->runController()
 9 SYSTEMPATH/CodeIgniter.php(351): CodeIgniter\CodeIgniter->handleRequest()
10 FCPATH/index.php(67): CodeIgniter\CodeIgniter->run()
CRITICAL - 2023-02-24 04:12:22 --> include_once(./partials/searchbar.php): failed to open stream: No such file or directory
in APPPATH/Views/layouts/announcement-index.php on line 10.
 1 APPPATH/Views/layouts/announcement-index.php(10): CodeIgniter\Debug\Exceptions->errorHandler()
 2 APPPATH/Views/layouts/announcement-index.php(10): include_once()
 3 SYSTEMPATH/View/View.php(213): include('APPPATH/Views/layouts/announcement-index.php')
 4 SYSTEMPATH/View/View.php(216): CodeIgniter\View\View->CodeIgniter\View\{closure}()
 5 SYSTEMPATH/Common.php(1134): CodeIgniter\View\View->render()
 6 APPPATH/Controllers/Announcement.php(12): view()
 7 SYSTEMPATH/CodeIgniter.php(927): App\Controllers\Announcement->index()
 8 SYSTEMPATH/CodeIgniter.php(482): CodeIgniter\CodeIgniter->runController()
 9 SYSTEMPATH/CodeIgniter.php(351): CodeIgniter\CodeIgniter->handleRequest()
10 FCPATH/index.php(67): CodeIgniter\CodeIgniter->run()
CRITICAL - 2023-02-24 04:12:22 --> include_once(./partials/searchbar.php): failed to open stream: No such file or directory
in APPPATH/Views/layouts/announcement-index.php on line 10.
 1 APPPATH/Views/layouts/announcement-index.php(10): CodeIgniter\Debug\Exceptions->errorHandler()
 2 APPPATH/Views/layouts/announcement-index.php(10): include_once()
 3 SYSTEMPATH/View/View.php(213): include('APPPATH/Views/layouts/announcement-index.php')
 4 SYSTEMPATH/View/View.php(216): CodeIgniter\View\View->CodeIgniter\View\{closure}()
 5 SYSTEMPATH/Common.php(1134): CodeIgniter\View\View->render()
 6 APPPATH/Controllers/Announcement.php(12): view()
 7 SYSTEMPATH/CodeIgniter.php(927): App\Controllers\Announcement->index()
 8 SYSTEMPATH/CodeIgniter.php(482): CodeIgniter\CodeIgniter->runController()
 9 SYSTEMPATH/CodeIgniter.php(351): CodeIgniter\CodeIgniter->handleRequest()
10 FCPATH/index.php(67): CodeIgniter\CodeIgniter->run()
CRITICAL - 2023-02-24 04:12:23 --> include_once(./partials/searchbar.php): failed to open stream: No such file or directory
in APPPATH/Views/layouts/announcement-index.php on line 10.
 1 APPPATH/Views/layouts/announcement-index.php(10): CodeIgniter\Debug\Exceptions->errorHandler()
 2 APPPATH/Views/layouts/announcement-index.php(10): include_once()
 3 SYSTEMPATH/View/View.php(213): include('APPPATH/Views/layouts/announcement-index.php')
 4 SYSTEMPATH/View/View.php(216): CodeIgniter\View\View->CodeIgniter\View\{closure}()
 5 SYSTEMPATH/Common.php(1134): CodeIgniter\View\View->render()
 6 APPPATH/Controllers/Announcement.php(12): view()
 7 SYSTEMPATH/CodeIgniter.php(927): App\Controllers\Announcement->index()
 8 SYSTEMPATH/CodeIgniter.php(482): CodeIgniter\CodeIgniter->runController()
 9 SYSTEMPATH/CodeIgniter.php(351): CodeIgniter\CodeIgniter->handleRequest()
10 FCPATH/index.php(67): CodeIgniter\CodeIgniter->run()
CRITICAL - 2023-02-24 04:12:23 --> include_once(./partials/searchbar.php): failed to open stream: No such file or directory
in APPPATH/Views/layouts/announcement-index.php on line 10.
 1 APPPATH/Views/layouts/announcement-index.php(10): CodeIgniter\Debug\Exceptions->errorHandler()
 2 APPPATH/Views/layouts/announcement-index.php(10): include_once()
 3 SYSTEMPATH/View/View.php(213): include('APPPATH/Views/layouts/announcement-index.php')
 4 SYSTEMPATH/View/View.php(216): CodeIgniter\View\View->CodeIgniter\View\{closure}()
 5 SYSTEMPATH/Common.php(1134): CodeIgniter\View\View->render()
 6 APPPATH/Controllers/Announcement.php(12): view()
 7 SYSTEMPATH/CodeIgniter.php(927): App\Controllers\Announcement->index()
 8 SYSTEMPATH/CodeIgniter.php(482): CodeIgniter\CodeIgniter->runController()
 9 SYSTEMPATH/CodeIgniter.php(351): CodeIgniter\CodeIgniter->handleRequest()
10 FCPATH/index.php(67): CodeIgniter\CodeIgniter->run()
CRITICAL - 2023-02-24 05:54:19 --> Invalid file: layouts/event-index.php
in SYSTEMPATH/Exceptions/FrameworkException.php on line 33.
 1 SYSTEMPATH/View/View.php(201): CodeIgniter\Exceptions\FrameworkException::forInvalidFile()
 2 SYSTEMPATH/Common.php(1134): CodeIgniter\View\View->render()
 3 APPPATH/Controllers/Event.php(13): view()
 4 SYSTEMPATH/CodeIgniter.php(927): App\Controllers\Event->index()
 5 SYSTEMPATH/CodeIgniter.php(482): CodeIgniter\CodeIgniter->runController()
 6 SYSTEMPATH/CodeIgniter.php(351): CodeIgniter\CodeIgniter->handleRequest()
 7 FCPATH/index.php(67): CodeIgniter\CodeIgniter->run()
CRITICAL - 2023-02-24 15:21:40 --> Invalid file: layouts/event-index.php
in SYSTEMPATH/Exceptions/FrameworkException.php on line 33.
 1 SYSTEMPATH/View/View.php(201): CodeIgniter\Exceptions\FrameworkException::forInvalidFile()
 2 SYSTEMPATH/Common.php(1134): CodeIgniter\View\View->render()
 3 APPPATH/Controllers/Event.php(13): view()
 4 SYSTEMPATH/CodeIgniter.php(927): App\Controllers\Event->index()
 5 SYSTEMPATH/CodeIgniter.php(482): CodeIgniter\CodeIgniter->runController()
 6 SYSTEMPATH/CodeIgniter.php(351): CodeIgniter\CodeIgniter->handleRequest()
 7 FCPATH/index.php(67): CodeIgniter\CodeIgniter->run()
CRITICAL - 2023-02-24 15:59:48 --> Invalid file: layouts/event-edit.php
in SYSTEMPATH/Exceptions/FrameworkException.php on line 33.
 1 SYSTEMPATH/View/View.php(201): CodeIgniter\Exceptions\FrameworkException::forInvalidFile()
 2 SYSTEMPATH/Common.php(1134): CodeIgniter\View\View->render()
 3 APPPATH/Controllers/Event.php(31): view()
 4 SYSTEMPATH/CodeIgniter.php(927): App\Controllers\Event->edit()
 5 SYSTEMPATH/CodeIgniter.php(482): CodeIgniter\CodeIgniter->runController()
 6 SYSTEMPATH/CodeIgniter.php(351): CodeIgniter\CodeIgniter->handleRequest()
 7 FCPATH/index.php(67): CodeIgniter\CodeIgniter->run()
