CRITICAL - 2023-02-23 16:44:38 --> include_once(sidebar): failed to open stream: No such file or directory
in APPPATH/Views/dashboard.php on line 24.
 1 APPPATH/Views/dashboard.php(24): CodeIgniter\Debug\Exceptions->errorHandler()
 2 APPPATH/Views/dashboard.php(24): include_once()
 3 SYSTEMPATH/View/View.php(213): include('APPPATH/Views/dashboard.php')
 4 SYSTEMPATH/View/View.php(216): CodeIgniter\View\View->CodeIgniter\View\{closure}()
 5 SYSTEMPATH/Common.php(1134): CodeIgniter\View\View->render()
 6 APPPATH/Controllers/Home.php(12): view()
 7 SYSTEMPATH/CodeIgniter.php(927): App\Controllers\Home->index()
 8 SYSTEMPATH/CodeIgniter.php(482): CodeIgniter\CodeIgniter->runController()
 9 SYSTEMPATH/CodeIgniter.php(351): CodeIgniter\CodeIgniter->handleRequest()
10 FCPATH/index.php(67): CodeIgniter\CodeIgniter->run()
CRITICAL - 2023-02-23 16:44:49 --> include_once(sidebar.php): failed to open stream: No such file or directory
in APPPATH/Views/dashboard.php on line 24.
 1 APPPATH/Views/dashboard.php(24): CodeIgniter\Debug\Exceptions->errorHandler()
 2 APPPATH/Views/dashboard.php(24): include_once()
 3 SYSTEMPATH/View/View.php(213): include('APPPATH/Views/dashboard.php')
 4 SYSTEMPATH/View/View.php(216): CodeIgniter\View\View->CodeIgniter\View\{closure}()
 5 SYSTEMPATH/Common.php(1134): CodeIgniter\View\View->render()
 6 APPPATH/Controllers/Home.php(12): view()
 7 SYSTEMPATH/CodeIgniter.php(927): App\Controllers\Home->index()
 8 SYSTEMPATH/CodeIgniter.php(482): CodeIgniter\CodeIgniter->runController()
 9 SYSTEMPATH/CodeIgniter.php(351): CodeIgniter\CodeIgniter->handleRequest()
10 FCPATH/index.php(67): CodeIgniter\CodeIgniter->run()
CRITICAL - 2023-02-23 16:47:00 --> include_once(sidebar.php): failed to open stream: No such file or directory
in APPPATH/Views/dashboard.php on line 24.
 1 APPPATH/Views/dashboard.php(24): CodeIgniter\Debug\Exceptions->errorHandler()
 2 APPPATH/Views/dashboard.php(24): include_once()
 3 SYSTEMPATH/View/View.php(213): include('APPPATH/Views/dashboard.php')
 4 SYSTEMPATH/View/View.php(216): CodeIgniter\View\View->CodeIgniter\View\{closure}()
 5 SYSTEMPATH/Common.php(1134): CodeIgniter\View\View->render()
 6 APPPATH/Controllers/Home.php(12): view()
 7 SYSTEMPATH/CodeIgniter.php(927): App\Controllers\Home->index()
 8 SYSTEMPATH/CodeIgniter.php(482): CodeIgniter\CodeIgniter->runController()
 9 SYSTEMPATH/CodeIgniter.php(351): CodeIgniter\CodeIgniter->handleRequest()
10 FCPATH/index.php(67): CodeIgniter\CodeIgniter->run()
