CRITICAL - 2023-03-16 00:47:19 --> Undefined variable $images
in APPPATH/Models/DataModel.php on line 79.
 1 APPPATH/Models/DataModel.php(79): CodeIgniter\Debug\Exceptions->errorHandler()
 2 APPPATH/Controllers/Upload.php(23): App\Models\DataModel->deleteItem()
 3 SYSTEMPATH/CodeIgniter.php(927): App\Controllers\Upload->index()
 4 SYSTEMPATH/CodeIgniter.php(482): CodeIgniter\CodeIgniter->runController()
 5 SYSTEMPATH/CodeIgniter.php(351): CodeIgniter\CodeIgniter->handleRequest()
 6 FCPATH/index.php(67): CodeIgniter\CodeIgniter->run()
CRITICAL - 2023-03-16 00:51:10 --> Trying to access array offset on value of type null
in APPPATH/Controllers/Upload.php on line 25.
 1 APPPATH/Controllers/Upload.php(25): CodeIgniter\Debug\Exceptions->errorHandler()
 2 SYSTEMPATH/CodeIgniter.php(927): App\Controllers\Upload->index()
 3 SYSTEMPATH/CodeIgniter.php(482): CodeIgniter\CodeIgniter->runController()
 4 SYSTEMPATH/CodeIgniter.php(351): CodeIgniter\CodeIgniter->handleRequest()
 5 FCPATH/index.php(67): CodeIgniter\CodeIgniter->run()
CRITICAL - 2023-03-16 00:52:43 --> foreach() argument must be of type array|object, string given
in APPPATH/Views/layouts/achievement-edit.php on line 31.
 1 APPPATH/Views/layouts/achievement-edit.php(31): CodeIgniter\Debug\Exceptions->errorHandler()
 2 SYSTEMPATH/View/View.php(213): include('APPPATH/Views/layouts/achievement-edit.php')
 3 SYSTEMPATH/View/View.php(216): CodeIgniter\View\View->CodeIgniter\View\{closure}()
 4 SYSTEMPATH/Common.php(1134): CodeIgniter\View\View->render()
 5 APPPATH/Controllers/Achievement.php(101): view()
 6 SYSTEMPATH/CodeIgniter.php(927): App\Controllers\Achievement->edit()
 7 SYSTEMPATH/CodeIgniter.php(482): CodeIgniter\CodeIgniter->runController()
 8 SYSTEMPATH/CodeIgniter.php(351): CodeIgniter\CodeIgniter->handleRequest()
 9 FCPATH/index.php(67): CodeIgniter\CodeIgniter->run()
