ERROR - 2023-03-06 00:02:16 --> mysqli_sql_exception: Unknown column 'gallery_id' in 'field list' in /home/twelveio/projects/dashboard/system/Database/MySQLi/Connection.php:292
Stack trace:
#0 /home/twelveio/projects/dashboard/system/Database/MySQLi/Connection.php(292): mysqli->query()
#1 /home/twelveio/projects/dashboard/system/Database/BaseConnection.php(666): CodeIgniter\Database\MySQLi\Connection->execute()
#2 /home/twelveio/projects/dashboard/system/Database/BaseConnection.php(593): CodeIgniter\Database\BaseConnection->simpleQuery()
#3 /home/twelveio/projects/dashboard/system/Database/BaseBuilder.php(1585): CodeIgniter\Database\BaseConnection->query()
#4 /home/twelveio/projects/dashboard/app/Controllers/Gallery.php(64): CodeIgniter\Database\BaseBuilder->get()
#5 /home/twelveio/projects/dashboard/system/CodeIgniter.php(927): App\Controllers\Gallery->index()
#6 /home/twelveio/projects/dashboard/system/CodeIgniter.php(482): CodeIgniter\CodeIgniter->runController()
#7 /home/twelveio/projects/dashboard/system/CodeIgniter.php(351): CodeIgniter\CodeIgniter->handleRequest()
#8 /home/twelveio/projects/dashboard/public/index.php(67): CodeIgniter\CodeIgniter->run()
#9 {main}
CRITICAL - 2023-03-06 00:02:16 --> Unknown column 'gallery_id' in 'field list'
in SYSTEMPATH/Database/MySQLi/Connection.php on line 292.
 1 SYSTEMPATH/Database/MySQLi/Connection.php(292): mysqli->query()
 2 SYSTEMPATH/Database/BaseConnection.php(666): CodeIgniter\Database\MySQLi\Connection->execute()
 3 SYSTEMPATH/Database/BaseConnection.php(593): CodeIgniter\Database\BaseConnection->simpleQuery()
 4 SYSTEMPATH/Database/BaseBuilder.php(1585): CodeIgniter\Database\BaseConnection->query()
 5 APPPATH/Controllers/Gallery.php(64): CodeIgniter\Database\BaseBuilder->get()
 6 SYSTEMPATH/CodeIgniter.php(927): App\Controllers\Gallery->index()
 7 SYSTEMPATH/CodeIgniter.php(482): CodeIgniter\CodeIgniter->runController()
 8 SYSTEMPATH/CodeIgniter.php(351): CodeIgniter\CodeIgniter->handleRequest()
 9 FCPATH/index.php(67): CodeIgniter\CodeIgniter->run()
ERROR - 2023-03-06 00:02:21 --> mysqli_sql_exception: Table 'project.galleries' doesn't exist in /home/twelveio/projects/dashboard/system/Database/MySQLi/Connection.php:292
Stack trace:
#0 /home/twelveio/projects/dashboard/system/Database/MySQLi/Connection.php(292): mysqli->query()
#1 /home/twelveio/projects/dashboard/system/Database/BaseConnection.php(666): CodeIgniter\Database\MySQLi\Connection->execute()
#2 /home/twelveio/projects/dashboard/system/Database/BaseConnection.php(593): CodeIgniter\Database\BaseConnection->simpleQuery()
#3 /home/twelveio/projects/dashboard/system/Database/BaseBuilder.php(1585): CodeIgniter\Database\BaseConnection->query()
#4 /home/twelveio/projects/dashboard/app/Controllers/Gallery.php(64): CodeIgniter\Database\BaseBuilder->get()
#5 /home/twelveio/projects/dashboard/system/CodeIgniter.php(927): App\Controllers\Gallery->index()
#6 /home/twelveio/projects/dashboard/system/CodeIgniter.php(482): CodeIgniter\CodeIgniter->runController()
#7 /home/twelveio/projects/dashboard/system/CodeIgniter.php(351): CodeIgniter\CodeIgniter->handleRequest()
#8 /home/twelveio/projects/dashboard/public/index.php(67): CodeIgniter\CodeIgniter->run()
#9 {main}
CRITICAL - 2023-03-06 00:02:21 --> Table 'project.galleries' doesn't exist
in SYSTEMPATH/Database/MySQLi/Connection.php on line 292.
 1 SYSTEMPATH/Database/MySQLi/Connection.php(292): mysqli->query()
 2 SYSTEMPATH/Database/BaseConnection.php(666): CodeIgniter\Database\MySQLi\Connection->execute()
 3 SYSTEMPATH/Database/BaseConnection.php(593): CodeIgniter\Database\BaseConnection->simpleQuery()
 4 SYSTEMPATH/Database/BaseBuilder.php(1585): CodeIgniter\Database\BaseConnection->query()
 5 APPPATH/Controllers/Gallery.php(64): CodeIgniter\Database\BaseBuilder->get()
 6 SYSTEMPATH/CodeIgniter.php(927): App\Controllers\Gallery->index()
 7 SYSTEMPATH/CodeIgniter.php(482): CodeIgniter\CodeIgniter->runController()
 8 SYSTEMPATH/CodeIgniter.php(351): CodeIgniter\CodeIgniter->handleRequest()
 9 FCPATH/index.php(67): CodeIgniter\CodeIgniter->run()
ERROR - 2023-03-06 00:02:33 --> mysqli_sql_exception: Unknown column 'gallery_id' in 'field list' in /home/twelveio/projects/dashboard/system/Database/MySQLi/Connection.php:292
Stack trace:
#0 /home/twelveio/projects/dashboard/system/Database/MySQLi/Connection.php(292): mysqli->query()
#1 /home/twelveio/projects/dashboard/system/Database/BaseConnection.php(666): CodeIgniter\Database\MySQLi\Connection->execute()
#2 /home/twelveio/projects/dashboard/system/Database/BaseConnection.php(593): CodeIgniter\Database\BaseConnection->simpleQuery()
#3 /home/twelveio/projects/dashboard/system/Database/BaseBuilder.php(1585): CodeIgniter\Database\BaseConnection->query()
#4 /home/twelveio/projects/dashboard/app/Controllers/Gallery.php(64): CodeIgniter\Database\BaseBuilder->get()
#5 /home/twelveio/projects/dashboard/system/CodeIgniter.php(927): App\Controllers\Gallery->index()
#6 /home/twelveio/projects/dashboard/system/CodeIgniter.php(482): CodeIgniter\CodeIgniter->runController()
#7 /home/twelveio/projects/dashboard/system/CodeIgniter.php(351): CodeIgniter\CodeIgniter->handleRequest()
#8 /home/twelveio/projects/dashboard/public/index.php(67): CodeIgniter\CodeIgniter->run()
#9 {main}
CRITICAL - 2023-03-06 00:02:33 --> Unknown column 'gallery_id' in 'field list'
in SYSTEMPATH/Database/MySQLi/Connection.php on line 292.
 1 SYSTEMPATH/Database/MySQLi/Connection.php(292): mysqli->query()
 2 SYSTEMPATH/Database/BaseConnection.php(666): CodeIgniter\Database\MySQLi\Connection->execute()
 3 SYSTEMPATH/Database/BaseConnection.php(593): CodeIgniter\Database\BaseConnection->simpleQuery()
 4 SYSTEMPATH/Database/BaseBuilder.php(1585): CodeIgniter\Database\BaseConnection->query()
 5 APPPATH/Controllers/Gallery.php(64): CodeIgniter\Database\BaseBuilder->get()
 6 SYSTEMPATH/CodeIgniter.php(927): App\Controllers\Gallery->index()
 7 SYSTEMPATH/CodeIgniter.php(482): CodeIgniter\CodeIgniter->runController()
 8 SYSTEMPATH/CodeIgniter.php(351): CodeIgniter\CodeIgniter->handleRequest()
 9 FCPATH/index.php(67): CodeIgniter\CodeIgniter->run()
ERROR - 2023-03-06 00:02:34 --> mysqli_sql_exception: Unknown column 'gallery_id' in 'field list' in /home/twelveio/projects/dashboard/system/Database/MySQLi/Connection.php:292
Stack trace:
#0 /home/twelveio/projects/dashboard/system/Database/MySQLi/Connection.php(292): mysqli->query()
#1 /home/twelveio/projects/dashboard/system/Database/BaseConnection.php(666): CodeIgniter\Database\MySQLi\Connection->execute()
#2 /home/twelveio/projects/dashboard/system/Database/BaseConnection.php(593): CodeIgniter\Database\BaseConnection->simpleQuery()
#3 /home/twelveio/projects/dashboard/system/Database/BaseBuilder.php(1585): CodeIgniter\Database\BaseConnection->query()
#4 /home/twelveio/projects/dashboard/app/Controllers/Gallery.php(64): CodeIgniter\Database\BaseBuilder->get()
#5 /home/twelveio/projects/dashboard/system/CodeIgniter.php(927): App\Controllers\Gallery->index()
#6 /home/twelveio/projects/dashboard/system/CodeIgniter.php(482): CodeIgniter\CodeIgniter->runController()
#7 /home/twelveio/projects/dashboard/system/CodeIgniter.php(351): CodeIgniter\CodeIgniter->handleRequest()
#8 /home/twelveio/projects/dashboard/public/index.php(67): CodeIgniter\CodeIgniter->run()
#9 {main}
CRITICAL - 2023-03-06 00:02:34 --> Unknown column 'gallery_id' in 'field list'
in SYSTEMPATH/Database/MySQLi/Connection.php on line 292.
 1 SYSTEMPATH/Database/MySQLi/Connection.php(292): mysqli->query()
 2 SYSTEMPATH/Database/BaseConnection.php(666): CodeIgniter\Database\MySQLi\Connection->execute()
 3 SYSTEMPATH/Database/BaseConnection.php(593): CodeIgniter\Database\BaseConnection->simpleQuery()
 4 SYSTEMPATH/Database/BaseBuilder.php(1585): CodeIgniter\Database\BaseConnection->query()
 5 APPPATH/Controllers/Gallery.php(64): CodeIgniter\Database\BaseBuilder->get()
 6 SYSTEMPATH/CodeIgniter.php(927): App\Controllers\Gallery->index()
 7 SYSTEMPATH/CodeIgniter.php(482): CodeIgniter\CodeIgniter->runController()
 8 SYSTEMPATH/CodeIgniter.php(351): CodeIgniter\CodeIgniter->handleRequest()
 9 FCPATH/index.php(67): CodeIgniter\CodeIgniter->run()
CRITICAL - 2023-03-06 00:13:52 --> Undefined array key "desc"
in APPPATH/Controllers/Gallery.php on line 45.
 1 APPPATH/Controllers/Gallery.php(45): CodeIgniter\Debug\Exceptions->errorHandler()
 2 SYSTEMPATH/CodeIgniter.php(927): App\Controllers\Gallery->index()
 3 SYSTEMPATH/CodeIgniter.php(482): CodeIgniter\CodeIgniter->runController()
 4 SYSTEMPATH/CodeIgniter.php(351): CodeIgniter\CodeIgniter->handleRequest()
 5 FCPATH/index.php(67): CodeIgniter\CodeIgniter->run()
CRITICAL - 2023-03-06 00:14:50 --> Undefined array key "desc"
in APPPATH/Controllers/Gallery.php on line 45.
 1 APPPATH/Controllers/Gallery.php(45): CodeIgniter\Debug\Exceptions->errorHandler()
 2 SYSTEMPATH/CodeIgniter.php(927): App\Controllers\Gallery->index()
 3 SYSTEMPATH/CodeIgniter.php(482): CodeIgniter\CodeIgniter->runController()
 4 SYSTEMPATH/CodeIgniter.php(351): CodeIgniter\CodeIgniter->handleRequest()
 5 FCPATH/index.php(67): CodeIgniter\CodeIgniter->run()
CRITICAL - 2023-03-06 00:15:02 --> Invalid file: layouts/gallery-add.php
in SYSTEMPATH/Exceptions/FrameworkException.php on line 33.
 1 SYSTEMPATH/View/View.php(201): CodeIgniter\Exceptions\FrameworkException::forInvalidFile()
 2 SYSTEMPATH/Common.php(1134): CodeIgniter\View\View->render()
 3 APPPATH/Controllers/Gallery.php(89): view()
 4 SYSTEMPATH/CodeIgniter.php(927): App\Controllers\Gallery->add()
 5 SYSTEMPATH/CodeIgniter.php(482): CodeIgniter\CodeIgniter->runController()
 6 SYSTEMPATH/CodeIgniter.php(351): CodeIgniter\CodeIgniter->handleRequest()
 7 FCPATH/index.php(67): CodeIgniter\CodeIgniter->run()
CRITICAL - 2023-03-06 00:17:07 --> Undefined variable $action
in APPPATH/Views/layouts/gallery-add.php on line 23.
 1 APPPATH/Views/layouts/gallery-add.php(23): CodeIgniter\Debug\Exceptions->errorHandler()
 2 SYSTEMPATH/View/View.php(213): include('APPPATH/Views/layouts/gallery-add.php')
 3 SYSTEMPATH/View/View.php(216): CodeIgniter\View\View->CodeIgniter\View\{closure}()
 4 SYSTEMPATH/Common.php(1134): CodeIgniter\View\View->render()
 5 APPPATH/Controllers/Gallery.php(89): view()
 6 SYSTEMPATH/CodeIgniter.php(927): App\Controllers\Gallery->add()
 7 SYSTEMPATH/CodeIgniter.php(482): CodeIgniter\CodeIgniter->runController()
 8 SYSTEMPATH/CodeIgniter.php(351): CodeIgniter\CodeIgniter->handleRequest()
 9 FCPATH/index.php(67): CodeIgniter\CodeIgniter->run()
CRITICAL - 2023-03-06 00:46:12 --> Cannot use empty array elements in arrays
in APPPATH/Controllers/Gallery.php on line 111.
 1 [internal function]: CodeIgniter\Debug\Exceptions->shutdownHandler()
CRITICAL - 2023-03-06 18:56:01 --> Could not move file phpPmDnSR to ../public/uploads/album/ ()
in SYSTEMPATH/HTTP/Files/UploadedFile.php on line 149.
 1 SYSTEMPATH/HTTP/Files/UploadedFile.php(149): CodeIgniter\HTTP\Exceptions\HTTPException::forMoveFailed()
 2 APPPATH/Controllers/Gallery.php(139): CodeIgniter\HTTP\Files\UploadedFile->move()
 3 SYSTEMPATH/CodeIgniter.php(927): App\Controllers\Gallery->create()
 4 SYSTEMPATH/CodeIgniter.php(482): CodeIgniter\CodeIgniter->runController()
 5 SYSTEMPATH/CodeIgniter.php(351): CodeIgniter\CodeIgniter->handleRequest()
 6 FCPATH/index.php(67): CodeIgniter\CodeIgniter->run()
CRITICAL - 2023-03-06 18:57:16 --> Could not move file phprvDk5d to ../public/uploads/album/ ()
in SYSTEMPATH/HTTP/Files/UploadedFile.php on line 149.
 1 SYSTEMPATH/HTTP/Files/UploadedFile.php(149): CodeIgniter\HTTP\Exceptions\HTTPException::forMoveFailed()
 2 APPPATH/Controllers/Gallery.php(139): CodeIgniter\HTTP\Files\UploadedFile->move()
 3 SYSTEMPATH/CodeIgniter.php(927): App\Controllers\Gallery->create()
 4 SYSTEMPATH/CodeIgniter.php(482): CodeIgniter\CodeIgniter->runController()
 5 SYSTEMPATH/CodeIgniter.php(351): CodeIgniter\CodeIgniter->handleRequest()
 6 FCPATH/index.php(67): CodeIgniter\CodeIgniter->run()
CRITICAL - 2023-03-06 18:57:18 --> Could not move file phpAsUK7t to ../public/uploads/album/ ()
in SYSTEMPATH/HTTP/Files/UploadedFile.php on line 149.
 1 SYSTEMPATH/HTTP/Files/UploadedFile.php(149): CodeIgniter\HTTP\Exceptions\HTTPException::forMoveFailed()
 2 APPPATH/Controllers/Gallery.php(139): CodeIgniter\HTTP\Files\UploadedFile->move()
 3 SYSTEMPATH/CodeIgniter.php(927): App\Controllers\Gallery->create()
 4 SYSTEMPATH/CodeIgniter.php(482): CodeIgniter\CodeIgniter->runController()
 5 SYSTEMPATH/CodeIgniter.php(351): CodeIgniter\CodeIgniter->handleRequest()
 6 FCPATH/index.php(67): CodeIgniter\CodeIgniter->run()
CRITICAL - 2023-03-06 19:00:55 --> Could not move file phpPPe2iW to ../public/uploads/album/ ()
in SYSTEMPATH/HTTP/Files/UploadedFile.php on line 149.
 1 SYSTEMPATH/HTTP/Files/UploadedFile.php(149): CodeIgniter\HTTP\Exceptions\HTTPException::forMoveFailed()
 2 APPPATH/Controllers/Gallery.php(139): CodeIgniter\HTTP\Files\UploadedFile->move()
 3 SYSTEMPATH/CodeIgniter.php(927): App\Controllers\Gallery->create()
 4 SYSTEMPATH/CodeIgniter.php(482): CodeIgniter\CodeIgniter->runController()
 5 SYSTEMPATH/CodeIgniter.php(351): CodeIgniter\CodeIgniter->handleRequest()
 6 FCPATH/index.php(67): CodeIgniter\CodeIgniter->run()
CRITICAL - 2023-03-06 19:00:57 --> Could not move file phpk2CCyI to ../public/uploads/album/ ()
in SYSTEMPATH/HTTP/Files/UploadedFile.php on line 149.
 1 SYSTEMPATH/HTTP/Files/UploadedFile.php(149): CodeIgniter\HTTP\Exceptions\HTTPException::forMoveFailed()
 2 APPPATH/Controllers/Gallery.php(139): CodeIgniter\HTTP\Files\UploadedFile->move()
 3 SYSTEMPATH/CodeIgniter.php(927): App\Controllers\Gallery->create()
 4 SYSTEMPATH/CodeIgniter.php(482): CodeIgniter\CodeIgniter->runController()
 5 SYSTEMPATH/CodeIgniter.php(351): CodeIgniter\CodeIgniter->handleRequest()
 6 FCPATH/index.php(67): CodeIgniter\CodeIgniter->run()
CRITICAL - 2023-03-06 19:00:59 --> Could not move file phpP8kMn3 to ../public/uploads/album/ ()
in SYSTEMPATH/HTTP/Files/UploadedFile.php on line 149.
 1 SYSTEMPATH/HTTP/Files/UploadedFile.php(149): CodeIgniter\HTTP\Exceptions\HTTPException::forMoveFailed()
 2 APPPATH/Controllers/Gallery.php(139): CodeIgniter\HTTP\Files\UploadedFile->move()
 3 SYSTEMPATH/CodeIgniter.php(927): App\Controllers\Gallery->create()
 4 SYSTEMPATH/CodeIgniter.php(482): CodeIgniter\CodeIgniter->runController()
 5 SYSTEMPATH/CodeIgniter.php(351): CodeIgniter\CodeIgniter->handleRequest()
 6 FCPATH/index.php(67): CodeIgniter\CodeIgniter->run()
CRITICAL - 2023-03-06 19:01:09 --> Could not move file phpAQlpwR to ../public/uploads/album/ ()
in SYSTEMPATH/HTTP/Files/UploadedFile.php on line 149.
 1 SYSTEMPATH/HTTP/Files/UploadedFile.php(149): CodeIgniter\HTTP\Exceptions\HTTPException::forMoveFailed()
 2 APPPATH/Controllers/Gallery.php(139): CodeIgniter\HTTP\Files\UploadedFile->move()
 3 SYSTEMPATH/CodeIgniter.php(927): App\Controllers\Gallery->create()
 4 SYSTEMPATH/CodeIgniter.php(482): CodeIgniter\CodeIgniter->runController()
 5 SYSTEMPATH/CodeIgniter.php(351): CodeIgniter\CodeIgniter->handleRequest()
 6 FCPATH/index.php(67): CodeIgniter\CodeIgniter->run()
CRITICAL - 2023-03-06 19:01:48 --> Could not move file phpaSGoBo to ../public/uploads/album/ ()
in SYSTEMPATH/HTTP/Files/UploadedFile.php on line 149.
 1 SYSTEMPATH/HTTP/Files/UploadedFile.php(149): CodeIgniter\HTTP\Exceptions\HTTPException::forMoveFailed()
 2 APPPATH/Controllers/Gallery.php(139): CodeIgniter\HTTP\Files\UploadedFile->move()
 3 SYSTEMPATH/CodeIgniter.php(927): App\Controllers\Gallery->create()
 4 SYSTEMPATH/CodeIgniter.php(482): CodeIgniter\CodeIgniter->runController()
 5 SYSTEMPATH/CodeIgniter.php(351): CodeIgniter\CodeIgniter->handleRequest()
 6 FCPATH/index.php(67): CodeIgniter\CodeIgniter->run()
CRITICAL - 2023-03-06 19:02:59 --> Could not move file phpNKfYcu to ../public/uploads/album/ ()
in SYSTEMPATH/HTTP/Files/UploadedFile.php on line 149.
 1 SYSTEMPATH/HTTP/Files/UploadedFile.php(149): CodeIgniter\HTTP\Exceptions\HTTPException::forMoveFailed()
 2 APPPATH/Controllers/Gallery.php(139): CodeIgniter\HTTP\Files\UploadedFile->move()
 3 SYSTEMPATH/CodeIgniter.php(927): App\Controllers\Gallery->create()
 4 SYSTEMPATH/CodeIgniter.php(482): CodeIgniter\CodeIgniter->runController()
 5 SYSTEMPATH/CodeIgniter.php(351): CodeIgniter\CodeIgniter->handleRequest()
 6 FCPATH/index.php(67): CodeIgniter\CodeIgniter->run()
ERROR - 2023-03-06 19:03:29 --> mysqli_sql_exception: Duplicate entry '2147483647' for key 'announcements.PRIMARY' in /home/twelveio/projects/dashboard/system/Database/MySQLi/Connection.php:292
Stack trace:
#0 /home/twelveio/projects/dashboard/system/Database/MySQLi/Connection.php(292): mysqli->query()
#1 /home/twelveio/projects/dashboard/system/Database/BaseConnection.php(666): CodeIgniter\Database\MySQLi\Connection->execute()
#2 /home/twelveio/projects/dashboard/system/Database/BaseConnection.php(593): CodeIgniter\Database\BaseConnection->simpleQuery()
#3 /home/twelveio/projects/dashboard/system/Database/BaseBuilder.php(1916): CodeIgniter\Database\BaseConnection->query()
#4 /home/twelveio/projects/dashboard/app/Controllers/Announcement.php(144): CodeIgniter\Database\BaseBuilder->insert()
#5 /home/twelveio/projects/dashboard/system/CodeIgniter.php(927): App\Controllers\Announcement->create()
#6 /home/twelveio/projects/dashboard/system/CodeIgniter.php(482): CodeIgniter\CodeIgniter->runController()
#7 /home/twelveio/projects/dashboard/system/CodeIgniter.php(351): CodeIgniter\CodeIgniter->handleRequest()
#8 /home/twelveio/projects/dashboard/public/index.php(67): CodeIgniter\CodeIgniter->run()
#9 {main}
CRITICAL - 2023-03-06 19:03:29 --> Duplicate entry '2147483647' for key 'announcements.PRIMARY'
in SYSTEMPATH/Database/MySQLi/Connection.php on line 292.
 1 SYSTEMPATH/Database/MySQLi/Connection.php(292): mysqli->query()
 2 SYSTEMPATH/Database/BaseConnection.php(666): CodeIgniter\Database\MySQLi\Connection->execute()
 3 SYSTEMPATH/Database/BaseConnection.php(593): CodeIgniter\Database\BaseConnection->simpleQuery()
 4 SYSTEMPATH/Database/BaseBuilder.php(1916): CodeIgniter\Database\BaseConnection->query()
 5 APPPATH/Controllers/Announcement.php(144): CodeIgniter\Database\BaseBuilder->insert()
 6 SYSTEMPATH/CodeIgniter.php(927): App\Controllers\Announcement->create()
 7 SYSTEMPATH/CodeIgniter.php(482): CodeIgniter\CodeIgniter->runController()
 8 SYSTEMPATH/CodeIgniter.php(351): CodeIgniter\CodeIgniter->handleRequest()
 9 FCPATH/index.php(67): CodeIgniter\CodeIgniter->run()
ERROR - 2023-03-06 19:03:50 --> mysqli_sql_exception: Duplicate entry '2147483647' for key 'announcements.PRIMARY' in /home/twelveio/projects/dashboard/system/Database/MySQLi/Connection.php:292
Stack trace:
#0 /home/twelveio/projects/dashboard/system/Database/MySQLi/Connection.php(292): mysqli->query()
#1 /home/twelveio/projects/dashboard/system/Database/BaseConnection.php(666): CodeIgniter\Database\MySQLi\Connection->execute()
#2 /home/twelveio/projects/dashboard/system/Database/BaseConnection.php(593): CodeIgniter\Database\BaseConnection->simpleQuery()
#3 /home/twelveio/projects/dashboard/system/Database/BaseBuilder.php(1916): CodeIgniter\Database\BaseConnection->query()
#4 /home/twelveio/projects/dashboard/app/Controllers/Announcement.php(144): CodeIgniter\Database\BaseBuilder->insert()
#5 /home/twelveio/projects/dashboard/system/CodeIgniter.php(927): App\Controllers\Announcement->create()
#6 /home/twelveio/projects/dashboard/system/CodeIgniter.php(482): CodeIgniter\CodeIgniter->runController()
#7 /home/twelveio/projects/dashboard/system/CodeIgniter.php(351): CodeIgniter\CodeIgniter->handleRequest()
#8 /home/twelveio/projects/dashboard/public/index.php(67): CodeIgniter\CodeIgniter->run()
#9 {main}
CRITICAL - 2023-03-06 19:03:50 --> Duplicate entry '2147483647' for key 'announcements.PRIMARY'
in SYSTEMPATH/Database/MySQLi/Connection.php on line 292.
 1 SYSTEMPATH/Database/MySQLi/Connection.php(292): mysqli->query()
 2 SYSTEMPATH/Database/BaseConnection.php(666): CodeIgniter\Database\MySQLi\Connection->execute()
 3 SYSTEMPATH/Database/BaseConnection.php(593): CodeIgniter\Database\BaseConnection->simpleQuery()
 4 SYSTEMPATH/Database/BaseBuilder.php(1916): CodeIgniter\Database\BaseConnection->query()
 5 APPPATH/Controllers/Announcement.php(144): CodeIgniter\Database\BaseBuilder->insert()
 6 SYSTEMPATH/CodeIgniter.php(927): App\Controllers\Announcement->create()
 7 SYSTEMPATH/CodeIgniter.php(482): CodeIgniter\CodeIgniter->runController()
 8 SYSTEMPATH/CodeIgniter.php(351): CodeIgniter\CodeIgniter->handleRequest()
 9 FCPATH/index.php(67): CodeIgniter\CodeIgniter->run()
ERROR - 2023-03-06 19:06:06 --> mysqli_sql_exception: Duplicate entry '2147483647' for key 'announcements.PRIMARY' in /home/twelveio/projects/dashboard/system/Database/MySQLi/Connection.php:292
Stack trace:
#0 /home/twelveio/projects/dashboard/system/Database/MySQLi/Connection.php(292): mysqli->query()
#1 /home/twelveio/projects/dashboard/system/Database/BaseConnection.php(666): CodeIgniter\Database\MySQLi\Connection->execute()
#2 /home/twelveio/projects/dashboard/system/Database/BaseConnection.php(593): CodeIgniter\Database\BaseConnection->simpleQuery()
#3 /home/twelveio/projects/dashboard/system/Database/BaseBuilder.php(1916): CodeIgniter\Database\BaseConnection->query()
#4 /home/twelveio/projects/dashboard/app/Controllers/Announcement.php(144): CodeIgniter\Database\BaseBuilder->insert()
#5 /home/twelveio/projects/dashboard/system/CodeIgniter.php(927): App\Controllers\Announcement->create()
#6 /home/twelveio/projects/dashboard/system/CodeIgniter.php(482): CodeIgniter\CodeIgniter->runController()
#7 /home/twelveio/projects/dashboard/system/CodeIgniter.php(351): CodeIgniter\CodeIgniter->handleRequest()
#8 /home/twelveio/projects/dashboard/public/index.php(67): CodeIgniter\CodeIgniter->run()
#9 {main}
CRITICAL - 2023-03-06 19:06:06 --> Duplicate entry '2147483647' for key 'announcements.PRIMARY'
in SYSTEMPATH/Database/MySQLi/Connection.php on line 292.
 1 SYSTEMPATH/Database/MySQLi/Connection.php(292): mysqli->query()
 2 SYSTEMPATH/Database/BaseConnection.php(666): CodeIgniter\Database\MySQLi\Connection->execute()
 3 SYSTEMPATH/Database/BaseConnection.php(593): CodeIgniter\Database\BaseConnection->simpleQuery()
 4 SYSTEMPATH/Database/BaseBuilder.php(1916): CodeIgniter\Database\BaseConnection->query()
 5 APPPATH/Controllers/Announcement.php(144): CodeIgniter\Database\BaseBuilder->insert()
 6 SYSTEMPATH/CodeIgniter.php(927): App\Controllers\Announcement->create()
 7 SYSTEMPATH/CodeIgniter.php(482): CodeIgniter\CodeIgniter->runController()
 8 SYSTEMPATH/CodeIgniter.php(351): CodeIgniter\CodeIgniter->handleRequest()
 9 FCPATH/index.php(67): CodeIgniter\CodeIgniter->run()
CRITICAL - 2023-03-06 19:10:18 --> Could not move file phpCE3Izg to ../public/uploads/album/ ()
in SYSTEMPATH/HTTP/Files/UploadedFile.php on line 149.
 1 SYSTEMPATH/HTTP/Files/UploadedFile.php(149): CodeIgniter\HTTP\Exceptions\HTTPException::forMoveFailed()
 2 APPPATH/Controllers/Gallery.php(139): CodeIgniter\HTTP\Files\UploadedFile->move()
 3 SYSTEMPATH/CodeIgniter.php(927): App\Controllers\Gallery->create()
 4 SYSTEMPATH/CodeIgniter.php(482): CodeIgniter\CodeIgniter->runController()
 5 SYSTEMPATH/CodeIgniter.php(351): CodeIgniter\CodeIgniter->handleRequest()
 6 FCPATH/index.php(67): CodeIgniter\CodeIgniter->run()
ERROR - 2023-03-06 19:16:49 --> mysqli_sql_exception: Operand should contain 1 column(s) in /home/twelveio/projects/dashboard/system/Database/MySQLi/Connection.php:292
Stack trace:
#0 /home/twelveio/projects/dashboard/system/Database/MySQLi/Connection.php(292): mysqli->query()
#1 /home/twelveio/projects/dashboard/system/Database/BaseConnection.php(666): CodeIgniter\Database\MySQLi\Connection->execute()
#2 /home/twelveio/projects/dashboard/system/Database/BaseConnection.php(593): CodeIgniter\Database\BaseConnection->simpleQuery()
#3 /home/twelveio/projects/dashboard/system/Database/BaseBuilder.php(1916): CodeIgniter\Database\BaseConnection->query()
#4 /home/twelveio/projects/dashboard/app/Controllers/Gallery.php(159): CodeIgniter\Database\BaseBuilder->insert()
#5 /home/twelveio/projects/dashboard/system/CodeIgniter.php(927): App\Controllers\Gallery->create()
#6 /home/twelveio/projects/dashboard/system/CodeIgniter.php(482): CodeIgniter\CodeIgniter->runController()
#7 /home/twelveio/projects/dashboard/system/CodeIgniter.php(351): CodeIgniter\CodeIgniter->handleRequest()
#8 /home/twelveio/projects/dashboard/public/index.php(67): CodeIgniter\CodeIgniter->run()
#9 {main}
CRITICAL - 2023-03-06 19:16:49 --> Operand should contain 1 column(s)
in SYSTEMPATH/Database/MySQLi/Connection.php on line 292.
 1 SYSTEMPATH/Database/MySQLi/Connection.php(292): mysqli->query()
 2 SYSTEMPATH/Database/BaseConnection.php(666): CodeIgniter\Database\MySQLi\Connection->execute()
 3 SYSTEMPATH/Database/BaseConnection.php(593): CodeIgniter\Database\BaseConnection->simpleQuery()
 4 SYSTEMPATH/Database/BaseBuilder.php(1916): CodeIgniter\Database\BaseConnection->query()
 5 APPPATH/Controllers/Gallery.php(159): CodeIgniter\Database\BaseBuilder->insert()
 6 SYSTEMPATH/CodeIgniter.php(927): App\Controllers\Gallery->create()
 7 SYSTEMPATH/CodeIgniter.php(482): CodeIgniter\CodeIgniter->runController()
 8 SYSTEMPATH/CodeIgniter.php(351): CodeIgniter\CodeIgniter->handleRequest()
 9 FCPATH/index.php(67): CodeIgniter\CodeIgniter->run()
ERROR - 2023-03-06 19:19:02 --> mysqli_sql_exception: Operand should contain 1 column(s) in /home/twelveio/projects/dashboard/system/Database/MySQLi/Connection.php:292
Stack trace:
#0 /home/twelveio/projects/dashboard/system/Database/MySQLi/Connection.php(292): mysqli->query()
#1 /home/twelveio/projects/dashboard/system/Database/BaseConnection.php(666): CodeIgniter\Database\MySQLi\Connection->execute()
#2 /home/twelveio/projects/dashboard/system/Database/BaseConnection.php(593): CodeIgniter\Database\BaseConnection->simpleQuery()
#3 /home/twelveio/projects/dashboard/system/Database/BaseBuilder.php(1916): CodeIgniter\Database\BaseConnection->query()
#4 /home/twelveio/projects/dashboard/app/Controllers/Gallery.php(159): CodeIgniter\Database\BaseBuilder->insert()
#5 /home/twelveio/projects/dashboard/system/CodeIgniter.php(927): App\Controllers\Gallery->create()
#6 /home/twelveio/projects/dashboard/system/CodeIgniter.php(482): CodeIgniter\CodeIgniter->runController()
#7 /home/twelveio/projects/dashboard/system/CodeIgniter.php(351): CodeIgniter\CodeIgniter->handleRequest()
#8 /home/twelveio/projects/dashboard/public/index.php(67): CodeIgniter\CodeIgniter->run()
#9 {main}
CRITICAL - 2023-03-06 19:19:02 --> Operand should contain 1 column(s)
in SYSTEMPATH/Database/MySQLi/Connection.php on line 292.
 1 SYSTEMPATH/Database/MySQLi/Connection.php(292): mysqli->query()
 2 SYSTEMPATH/Database/BaseConnection.php(666): CodeIgniter\Database\MySQLi\Connection->execute()
 3 SYSTEMPATH/Database/BaseConnection.php(593): CodeIgniter\Database\BaseConnection->simpleQuery()
 4 SYSTEMPATH/Database/BaseBuilder.php(1916): CodeIgniter\Database\BaseConnection->query()
 5 APPPATH/Controllers/Gallery.php(159): CodeIgniter\Database\BaseBuilder->insert()
 6 SYSTEMPATH/CodeIgniter.php(927): App\Controllers\Gallery->create()
 7 SYSTEMPATH/CodeIgniter.php(482): CodeIgniter\CodeIgniter->runController()
 8 SYSTEMPATH/CodeIgniter.php(351): CodeIgniter\CodeIgniter->handleRequest()
 9 FCPATH/index.php(67): CodeIgniter\CodeIgniter->run()
CRITICAL - 2023-03-06 19:20:24 --> count(): Argument #1 ($value) must be of type Countable|array, string given
in APPPATH/Controllers/Gallery.php on line 73.
 1 APPPATH/Controllers/Gallery.php(73): count()
 2 SYSTEMPATH/CodeIgniter.php(927): App\Controllers\Gallery->index()
 3 SYSTEMPATH/CodeIgniter.php(482): CodeIgniter\CodeIgniter->runController()
 4 SYSTEMPATH/CodeIgniter.php(351): CodeIgniter\CodeIgniter->handleRequest()
 5 FCPATH/index.php(67): CodeIgniter\CodeIgniter->run()
CRITICAL - 2023-03-06 19:22:22 --> count(): Argument #1 ($value) must be of type Countable|array, string given
in APPPATH/Controllers/Gallery.php on line 73.
 1 APPPATH/Controllers/Gallery.php(73): count()
 2 SYSTEMPATH/CodeIgniter.php(927): App\Controllers\Gallery->index()
 3 SYSTEMPATH/CodeIgniter.php(482): CodeIgniter\CodeIgniter->runController()
 4 SYSTEMPATH/CodeIgniter.php(351): CodeIgniter\CodeIgniter->handleRequest()
 5 FCPATH/index.php(67): CodeIgniter\CodeIgniter->run()
CRITICAL - 2023-03-06 23:32:21 --> Undefined array key "name"
in APPPATH/Views/layouts/event-edit.php on line 45.
 1 APPPATH/Views/layouts/event-edit.php(45): CodeIgniter\Debug\Exceptions->errorHandler()
 2 SYSTEMPATH/View/View.php(213): include('APPPATH/Views/layouts/event-edit.php')
 3 SYSTEMPATH/View/View.php(216): CodeIgniter\View\View->CodeIgniter\View\{closure}()
 4 SYSTEMPATH/Common.php(1134): CodeIgniter\View\View->render()
 5 APPPATH/Controllers/Gallery.php(112): view()
 6 SYSTEMPATH/CodeIgniter.php(927): App\Controllers\Gallery->edit()
 7 SYSTEMPATH/CodeIgniter.php(482): CodeIgniter\CodeIgniter->runController()
 8 SYSTEMPATH/CodeIgniter.php(351): CodeIgniter\CodeIgniter->handleRequest()
 9 FCPATH/index.php(67): CodeIgniter\CodeIgniter->run()
CRITICAL - 2023-03-06 23:33:09 --> Undefined variable $action
in APPPATH/Views/layouts/gallery-edit.php on line 23.
 1 APPPATH/Views/layouts/gallery-edit.php(23): CodeIgniter\Debug\Exceptions->errorHandler()
 2 SYSTEMPATH/View/View.php(213): include('APPPATH/Views/layouts/gallery-edit.php')
 3 SYSTEMPATH/View/View.php(216): CodeIgniter\View\View->CodeIgniter\View\{closure}()
 4 SYSTEMPATH/Common.php(1134): CodeIgniter\View\View->render()
 5 APPPATH/Controllers/Gallery.php(112): view()
 6 SYSTEMPATH/CodeIgniter.php(927): App\Controllers\Gallery->edit()
 7 SYSTEMPATH/CodeIgniter.php(482): CodeIgniter\CodeIgniter->runController()
 8 SYSTEMPATH/CodeIgniter.php(351): CodeIgniter\CodeIgniter->handleRequest()
 9 FCPATH/index.php(67): CodeIgniter\CodeIgniter->run()
CRITICAL - 2023-03-06 23:33:11 --> Undefined variable $action
in APPPATH/Views/layouts/gallery-edit.php on line 23.
 1 APPPATH/Views/layouts/gallery-edit.php(23): CodeIgniter\Debug\Exceptions->errorHandler()
 2 SYSTEMPATH/View/View.php(213): include('APPPATH/Views/layouts/gallery-edit.php')
 3 SYSTEMPATH/View/View.php(216): CodeIgniter\View\View->CodeIgniter\View\{closure}()
 4 SYSTEMPATH/Common.php(1134): CodeIgniter\View\View->render()
 5 APPPATH/Controllers/Gallery.php(112): view()
 6 SYSTEMPATH/CodeIgniter.php(927): App\Controllers\Gallery->edit()
 7 SYSTEMPATH/CodeIgniter.php(482): CodeIgniter\CodeIgniter->runController()
 8 SYSTEMPATH/CodeIgniter.php(351): CodeIgniter\CodeIgniter->handleRequest()
 9 FCPATH/index.php(67): CodeIgniter\CodeIgniter->run()
CRITICAL - 2023-03-06 23:33:12 --> Undefined variable $action
in APPPATH/Views/layouts/gallery-edit.php on line 23.
 1 APPPATH/Views/layouts/gallery-edit.php(23): CodeIgniter\Debug\Exceptions->errorHandler()
 2 SYSTEMPATH/View/View.php(213): include('APPPATH/Views/layouts/gallery-edit.php')
 3 SYSTEMPATH/View/View.php(216): CodeIgniter\View\View->CodeIgniter\View\{closure}()
 4 SYSTEMPATH/Common.php(1134): CodeIgniter\View\View->render()
 5 APPPATH/Controllers/Gallery.php(112): view()
 6 SYSTEMPATH/CodeIgniter.php(927): App\Controllers\Gallery->edit()
 7 SYSTEMPATH/CodeIgniter.php(482): CodeIgniter\CodeIgniter->runController()
 8 SYSTEMPATH/CodeIgniter.php(351): CodeIgniter\CodeIgniter->handleRequest()
 9 FCPATH/index.php(67): CodeIgniter\CodeIgniter->run()
CRITICAL - 2023-03-06 23:35:33 --> Undefined constant "CodeIgniter\Debug\VENDORPATH"
in SYSTEMPATH/Debug/Exceptions.php on line 177.
 1 SYSTEMPATH/Debug/Exceptions.php(157): CodeIgniter\Debug\Exceptions->isFakerDeprecationError()
 2 [internal function]: CodeIgniter\Debug\Exceptions->errorHandler()
 3 APPPATH/Controllers/Gallery.php(105): json_decode()
 4 SYSTEMPATH/CodeIgniter.php(927): App\Controllers\Gallery->edit()
 5 SYSTEMPATH/CodeIgniter.php(482): CodeIgniter\CodeIgniter->runController()
 6 SYSTEMPATH/CodeIgniter.php(351): CodeIgniter\CodeIgniter->handleRequest()
 7 FCPATH/index.php(67): CodeIgniter\CodeIgniter->run()
CRITICAL - 2023-03-06 23:36:04 --> Undefined array key "title"
in APPPATH/Views/layouts/gallery-edit.php on line 10.
 1 APPPATH/Views/layouts/gallery-edit.php(10): CodeIgniter\Debug\Exceptions->errorHandler()
 2 SYSTEMPATH/View/View.php(213): include('APPPATH/Views/layouts/gallery-edit.php')
 3 SYSTEMPATH/View/View.php(216): CodeIgniter\View\View->CodeIgniter\View\{closure}()
 4 SYSTEMPATH/Common.php(1134): CodeIgniter\View\View->render()
 5 APPPATH/Controllers/Gallery.php(115): view()
 6 SYSTEMPATH/CodeIgniter.php(927): App\Controllers\Gallery->edit()
 7 SYSTEMPATH/CodeIgniter.php(482): CodeIgniter\CodeIgniter->runController()
 8 SYSTEMPATH/CodeIgniter.php(351): CodeIgniter\CodeIgniter->handleRequest()
 9 FCPATH/index.php(67): CodeIgniter\CodeIgniter->run()
CRITICAL - 2023-03-06 23:36:22 --> Undefined array key "title"
in APPPATH/Views/layouts/gallery-edit.php on line 10.
 1 APPPATH/Views/layouts/gallery-edit.php(10): CodeIgniter\Debug\Exceptions->errorHandler()
 2 SYSTEMPATH/View/View.php(213): include('APPPATH/Views/layouts/gallery-edit.php')
 3 SYSTEMPATH/View/View.php(216): CodeIgniter\View\View->CodeIgniter\View\{closure}()
 4 SYSTEMPATH/Common.php(1134): CodeIgniter\View\View->render()
 5 APPPATH/Controllers/Gallery.php(115): view()
 6 SYSTEMPATH/CodeIgniter.php(927): App\Controllers\Gallery->edit()
 7 SYSTEMPATH/CodeIgniter.php(482): CodeIgniter\CodeIgniter->runController()
 8 SYSTEMPATH/CodeIgniter.php(351): CodeIgniter\CodeIgniter->handleRequest()
 9 FCPATH/index.php(67): CodeIgniter\CodeIgniter->run()
CRITICAL - 2023-03-06 23:36:25 --> Undefined array key "title"
in APPPATH/Views/layouts/gallery-edit.php on line 10.
 1 APPPATH/Views/layouts/gallery-edit.php(10): CodeIgniter\Debug\Exceptions->errorHandler()
 2 SYSTEMPATH/View/View.php(213): include('APPPATH/Views/layouts/gallery-edit.php')
 3 SYSTEMPATH/View/View.php(216): CodeIgniter\View\View->CodeIgniter\View\{closure}()
 4 SYSTEMPATH/Common.php(1134): CodeIgniter\View\View->render()
 5 APPPATH/Controllers/Gallery.php(115): view()
 6 SYSTEMPATH/CodeIgniter.php(927): App\Controllers\Gallery->edit()
 7 SYSTEMPATH/CodeIgniter.php(482): CodeIgniter\CodeIgniter->runController()
 8 SYSTEMPATH/CodeIgniter.php(351): CodeIgniter\CodeIgniter->handleRequest()
 9 FCPATH/index.php(67): CodeIgniter\CodeIgniter->run()
CRITICAL - 2023-03-06 23:40:17 --> Undefined array key "title"
in APPPATH/Views/layouts/gallery-edit.php on line 10.
 1 APPPATH/Views/layouts/gallery-edit.php(10): CodeIgniter\Debug\Exceptions->errorHandler()
 2 SYSTEMPATH/View/View.php(213): include('APPPATH/Views/layouts/gallery-edit.php')
 3 SYSTEMPATH/View/View.php(216): CodeIgniter\View\View->CodeIgniter\View\{closure}()
 4 SYSTEMPATH/Common.php(1134): CodeIgniter\View\View->render()
 5 APPPATH/Controllers/Gallery.php(115): view()
 6 SYSTEMPATH/CodeIgniter.php(927): App\Controllers\Gallery->edit()
 7 SYSTEMPATH/CodeIgniter.php(482): CodeIgniter\CodeIgniter->runController()
 8 SYSTEMPATH/CodeIgniter.php(351): CodeIgniter\CodeIgniter->handleRequest()
 9 FCPATH/index.php(67): CodeIgniter\CodeIgniter->run()
CRITICAL - 2023-03-06 23:40:57 --> Undefined array key "id"
in APPPATH/Views/layouts/gallery-edit.php on line 26.
 1 APPPATH/Views/layouts/gallery-edit.php(26): CodeIgniter\Debug\Exceptions->errorHandler()
 2 SYSTEMPATH/View/View.php(213): include('APPPATH/Views/layouts/gallery-edit.php')
 3 SYSTEMPATH/View/View.php(216): CodeIgniter\View\View->CodeIgniter\View\{closure}()
 4 SYSTEMPATH/Common.php(1134): CodeIgniter\View\View->render()
 5 APPPATH/Controllers/Gallery.php(115): view()
 6 SYSTEMPATH/CodeIgniter.php(927): App\Controllers\Gallery->edit()
 7 SYSTEMPATH/CodeIgniter.php(482): CodeIgniter\CodeIgniter->runController()
 8 SYSTEMPATH/CodeIgniter.php(351): CodeIgniter\CodeIgniter->handleRequest()
 9 FCPATH/index.php(67): CodeIgniter\CodeIgniter->run()
CRITICAL - 2023-03-06 23:40:59 --> Undefined array key "id"
in APPPATH/Views/layouts/gallery-edit.php on line 26.
 1 APPPATH/Views/layouts/gallery-edit.php(26): CodeIgniter\Debug\Exceptions->errorHandler()
 2 SYSTEMPATH/View/View.php(213): include('APPPATH/Views/layouts/gallery-edit.php')
 3 SYSTEMPATH/View/View.php(216): CodeIgniter\View\View->CodeIgniter\View\{closure}()
 4 SYSTEMPATH/Common.php(1134): CodeIgniter\View\View->render()
 5 APPPATH/Controllers/Gallery.php(115): view()
 6 SYSTEMPATH/CodeIgniter.php(927): App\Controllers\Gallery->edit()
 7 SYSTEMPATH/CodeIgniter.php(482): CodeIgniter\CodeIgniter->runController()
 8 SYSTEMPATH/CodeIgniter.php(351): CodeIgniter\CodeIgniter->handleRequest()
 9 FCPATH/index.php(67): CodeIgniter\CodeIgniter->run()
CRITICAL - 2023-03-06 23:41:00 --> Undefined array key "id"
in APPPATH/Views/layouts/gallery-edit.php on line 26.
 1 APPPATH/Views/layouts/gallery-edit.php(26): CodeIgniter\Debug\Exceptions->errorHandler()
 2 SYSTEMPATH/View/View.php(213): include('APPPATH/Views/layouts/gallery-edit.php')
 3 SYSTEMPATH/View/View.php(216): CodeIgniter\View\View->CodeIgniter\View\{closure}()
 4 SYSTEMPATH/Common.php(1134): CodeIgniter\View\View->render()
 5 APPPATH/Controllers/Gallery.php(115): view()
 6 SYSTEMPATH/CodeIgniter.php(927): App\Controllers\Gallery->edit()
 7 SYSTEMPATH/CodeIgniter.php(482): CodeIgniter\CodeIgniter->runController()
 8 SYSTEMPATH/CodeIgniter.php(351): CodeIgniter\CodeIgniter->handleRequest()
 9 FCPATH/index.php(67): CodeIgniter\CodeIgniter->run()
CRITICAL - 2023-03-06 23:41:00 --> Undefined array key "id"
in APPPATH/Views/layouts/gallery-edit.php on line 26.
 1 APPPATH/Views/layouts/gallery-edit.php(26): CodeIgniter\Debug\Exceptions->errorHandler()
 2 SYSTEMPATH/View/View.php(213): include('APPPATH/Views/layouts/gallery-edit.php')
 3 SYSTEMPATH/View/View.php(216): CodeIgniter\View\View->CodeIgniter\View\{closure}()
 4 SYSTEMPATH/Common.php(1134): CodeIgniter\View\View->render()
 5 APPPATH/Controllers/Gallery.php(115): view()
 6 SYSTEMPATH/CodeIgniter.php(927): App\Controllers\Gallery->edit()
 7 SYSTEMPATH/CodeIgniter.php(482): CodeIgniter\CodeIgniter->runController()
 8 SYSTEMPATH/CodeIgniter.php(351): CodeIgniter\CodeIgniter->handleRequest()
 9 FCPATH/index.php(67): CodeIgniter\CodeIgniter->run()
CRITICAL - 2023-03-06 23:41:00 --> Undefined array key "id"
in APPPATH/Views/layouts/gallery-edit.php on line 26.
 1 APPPATH/Views/layouts/gallery-edit.php(26): CodeIgniter\Debug\Exceptions->errorHandler()
 2 SYSTEMPATH/View/View.php(213): include('APPPATH/Views/layouts/gallery-edit.php')
 3 SYSTEMPATH/View/View.php(216): CodeIgniter\View\View->CodeIgniter\View\{closure}()
 4 SYSTEMPATH/Common.php(1134): CodeIgniter\View\View->render()
 5 APPPATH/Controllers/Gallery.php(115): view()
 6 SYSTEMPATH/CodeIgniter.php(927): App\Controllers\Gallery->edit()
 7 SYSTEMPATH/CodeIgniter.php(482): CodeIgniter\CodeIgniter->runController()
 8 SYSTEMPATH/CodeIgniter.php(351): CodeIgniter\CodeIgniter->handleRequest()
 9 FCPATH/index.php(67): CodeIgniter\CodeIgniter->run()
CRITICAL - 2023-03-06 23:41:43 --> Undefined array key "description"
in APPPATH/Views/layouts/gallery-edit.php on line 50.
 1 APPPATH/Views/layouts/gallery-edit.php(50): CodeIgniter\Debug\Exceptions->errorHandler()
 2 SYSTEMPATH/View/View.php(213): include('APPPATH/Views/layouts/gallery-edit.php')
 3 SYSTEMPATH/View/View.php(216): CodeIgniter\View\View->CodeIgniter\View\{closure}()
 4 SYSTEMPATH/Common.php(1134): CodeIgniter\View\View->render()
 5 APPPATH/Controllers/Gallery.php(115): view()
 6 SYSTEMPATH/CodeIgniter.php(927): App\Controllers\Gallery->edit()
 7 SYSTEMPATH/CodeIgniter.php(482): CodeIgniter\CodeIgniter->runController()
 8 SYSTEMPATH/CodeIgniter.php(351): CodeIgniter\CodeIgniter->handleRequest()
 9 FCPATH/index.php(67): CodeIgniter\CodeIgniter->run()
CRITICAL - 2023-03-06 23:42:00 --> Undefined array key "description"
in APPPATH/Views/layouts/gallery-edit.php on line 50.
 1 APPPATH/Views/layouts/gallery-edit.php(50): CodeIgniter\Debug\Exceptions->errorHandler()
 2 SYSTEMPATH/View/View.php(213): include('APPPATH/Views/layouts/gallery-edit.php')
 3 SYSTEMPATH/View/View.php(216): CodeIgniter\View\View->CodeIgniter\View\{closure}()
 4 SYSTEMPATH/Common.php(1134): CodeIgniter\View\View->render()
 5 APPPATH/Controllers/Gallery.php(115): view()
 6 SYSTEMPATH/CodeIgniter.php(927): App\Controllers\Gallery->edit()
 7 SYSTEMPATH/CodeIgniter.php(482): CodeIgniter\CodeIgniter->runController()
 8 SYSTEMPATH/CodeIgniter.php(351): CodeIgniter\CodeIgniter->handleRequest()
 9 FCPATH/index.php(67): CodeIgniter\CodeIgniter->run()
CRITICAL - 2023-03-06 23:42:17 --> syntax error, unexpected single-quoted string ".jpg", expecting ")"
in APPPATH/Views/layouts/gallery-edit.php on line 60.
 1 SYSTEMPATH/View/View.php(216): CodeIgniter\View\View->CodeIgniter\View\{closure}()
 2 SYSTEMPATH/Common.php(1134): CodeIgniter\View\View->render()
 3 APPPATH/Controllers/Gallery.php(115): view()
 4 SYSTEMPATH/CodeIgniter.php(927): App\Controllers\Gallery->edit()
 5 SYSTEMPATH/CodeIgniter.php(482): CodeIgniter\CodeIgniter->runController()
 6 SYSTEMPATH/CodeIgniter.php(351): CodeIgniter\CodeIgniter->handleRequest()
 7 FCPATH/index.php(67): CodeIgniter\CodeIgniter->run()
