CRITICAL - 2023-03-05 19:06:32 --> Call to undefined function form_open()
in APPPATH/Views/layouts/partials/searchbar.php on line 2.
 1 APPPATH/Views/layouts/galery-index.php(20): include_once()
 2 SYSTEMPATH/View/View.php(213): include('APPPATH/Views/layouts/galery-index.php')
 3 SYSTEMPATH/View/View.php(216): CodeIgniter\View\View->CodeIgniter\View\{closure}()
 4 SYSTEMPATH/Common.php(1134): CodeIgniter\View\View->render()
 5 APPPATH/Controllers/Galery.php(13): view()
 6 SYSTEMPATH/CodeIgniter.php(927): App\Controllers\Galery->index()
 7 SYSTEMPATH/CodeIgniter.php(482): CodeIgniter\CodeIgniter->runController()
 8 SYSTEMPATH/CodeIgniter.php(351): CodeIgniter\CodeIgniter->handleRequest()
 9 FCPATH/index.php(67): CodeIgniter\CodeIgniter->run()
CRITICAL - 2023-03-05 19:06:35 --> Call to undefined function form_open()
in APPPATH/Views/layouts/partials/searchbar.php on line 2.
 1 APPPATH/Views/layouts/event-index.php(20): include_once()
 2 SYSTEMPATH/View/View.php(213): include('APPPATH/Views/layouts/event-index.php')
 3 SYSTEMPATH/View/View.php(216): CodeIgniter\View\View->CodeIgniter\View\{closure}()
 4 SYSTEMPATH/Common.php(1134): CodeIgniter\View\View->render()
 5 APPPATH/Controllers/Event.php(13): view()
 6 SYSTEMPATH/CodeIgniter.php(927): App\Controllers\Event->index()
 7 SYSTEMPATH/CodeIgniter.php(482): CodeIgniter\CodeIgniter->runController()
 8 SYSTEMPATH/CodeIgniter.php(351): CodeIgniter\CodeIgniter->handleRequest()
 9 FCPATH/index.php(67): CodeIgniter\CodeIgniter->run()
CRITICAL - 2023-03-05 19:09:04 --> Undefined variable $data
in APPPATH/Views/layouts/partials/searchbar.php on line 2.
 1 APPPATH/Views/layouts/partials/searchbar.php(2): CodeIgniter\Debug\Exceptions->errorHandler()
 2 APPPATH/Views/layouts/event-index.php(20): include_once('APPPATH/Views/layouts/partials/searchbar.php')
 3 SYSTEMPATH/View/View.php(213): include('APPPATH/Views/layouts/event-index.php')
 4 SYSTEMPATH/View/View.php(216): CodeIgniter\View\View->CodeIgniter\View\{closure}()
 5 SYSTEMPATH/Common.php(1134): CodeIgniter\View\View->render()
 6 APPPATH/Controllers/Event.php(15): view()
 7 SYSTEMPATH/CodeIgniter.php(927): App\Controllers\Event->index()
 8 SYSTEMPATH/CodeIgniter.php(482): CodeIgniter\CodeIgniter->runController()
 9 SYSTEMPATH/CodeIgniter.php(351): CodeIgniter\CodeIgniter->handleRequest()
10 FCPATH/index.php(67): CodeIgniter\CodeIgniter->run()
CRITICAL - 2023-03-05 20:02:52 --> include_once(../layouts/partials/pagination): Failed to open stream: No such file or directory
in APPPATH/Views/layouts/event-index.php on line 116.
 1 APPPATH/Views/layouts/event-index.php(116): CodeIgniter\Debug\Exceptions->errorHandler()
 2 APPPATH/Views/layouts/event-index.php(116): include_once()
 3 SYSTEMPATH/View/View.php(213): include('APPPATH/Views/layouts/event-index.php')
 4 SYSTEMPATH/View/View.php(216): CodeIgniter\View\View->CodeIgniter\View\{closure}()
 5 SYSTEMPATH/Common.php(1134): CodeIgniter\View\View->render()
 6 APPPATH/Controllers/Event.php(43): view()
 7 SYSTEMPATH/CodeIgniter.php(927): App\Controllers\Event->index()
 8 SYSTEMPATH/CodeIgniter.php(482): CodeIgniter\CodeIgniter->runController()
 9 SYSTEMPATH/CodeIgniter.php(351): CodeIgniter\CodeIgniter->handleRequest()
10 FCPATH/index.php(67): CodeIgniter\CodeIgniter->run()
CRITICAL - 2023-03-05 20:03:07 --> include_once(../layouts/partials/pagination.php): Failed to open stream: No such file or directory
in APPPATH/Views/layouts/event-index.php on line 116.
 1 APPPATH/Views/layouts/event-index.php(116): CodeIgniter\Debug\Exceptions->errorHandler()
 2 APPPATH/Views/layouts/event-index.php(116): include_once()
 3 SYSTEMPATH/View/View.php(213): include('APPPATH/Views/layouts/event-index.php')
 4 SYSTEMPATH/View/View.php(216): CodeIgniter\View\View->CodeIgniter\View\{closure}()
 5 SYSTEMPATH/Common.php(1134): CodeIgniter\View\View->render()
 6 APPPATH/Controllers/Event.php(43): view()
 7 SYSTEMPATH/CodeIgniter.php(927): App\Controllers\Event->index()
 8 SYSTEMPATH/CodeIgniter.php(482): CodeIgniter\CodeIgniter->runController()
 9 SYSTEMPATH/CodeIgniter.php(351): CodeIgniter\CodeIgniter->handleRequest()
10 FCPATH/index.php(67): CodeIgniter\CodeIgniter->run()
CRITICAL - 2023-03-05 20:04:10 --> include(../layouts/partials/pagination.php): Failed to open stream: No such file or directory
in APPPATH/Views/layouts/event-index.php on line 116.
 1 APPPATH/Views/layouts/event-index.php(116): CodeIgniter\Debug\Exceptions->errorHandler()
 2 APPPATH/Views/layouts/event-index.php(116): include()
 3 SYSTEMPATH/View/View.php(213): include('APPPATH/Views/layouts/event-index.php')
 4 SYSTEMPATH/View/View.php(216): CodeIgniter\View\View->CodeIgniter\View\{closure}()
 5 SYSTEMPATH/Common.php(1134): CodeIgniter\View\View->render()
 6 APPPATH/Controllers/Event.php(43): view()
 7 SYSTEMPATH/CodeIgniter.php(927): App\Controllers\Event->index()
 8 SYSTEMPATH/CodeIgniter.php(482): CodeIgniter\CodeIgniter->runController()
 9 SYSTEMPATH/CodeIgniter.php(351): CodeIgniter\CodeIgniter->handleRequest()
10 FCPATH/index.php(67): CodeIgniter\CodeIgniter->run()
CRITICAL - 2023-03-05 20:04:10 --> include(../layouts/partials/pagination.php): Failed to open stream: No such file or directory
in APPPATH/Views/layouts/event-index.php on line 116.
 1 APPPATH/Views/layouts/event-index.php(116): CodeIgniter\Debug\Exceptions->errorHandler()
 2 APPPATH/Views/layouts/event-index.php(116): include()
 3 SYSTEMPATH/View/View.php(213): include('APPPATH/Views/layouts/event-index.php')
 4 SYSTEMPATH/View/View.php(216): CodeIgniter\View\View->CodeIgniter\View\{closure}()
 5 SYSTEMPATH/Common.php(1134): CodeIgniter\View\View->render()
 6 APPPATH/Controllers/Event.php(43): view()
 7 SYSTEMPATH/CodeIgniter.php(927): App\Controllers\Event->index()
 8 SYSTEMPATH/CodeIgniter.php(482): CodeIgniter\CodeIgniter->runController()
 9 SYSTEMPATH/CodeIgniter.php(351): CodeIgniter\CodeIgniter->handleRequest()
10 FCPATH/index.php(67): CodeIgniter\CodeIgniter->run()
CRITICAL - 2023-03-05 20:04:11 --> include(../layouts/partials/pagination.php): Failed to open stream: No such file or directory
in APPPATH/Views/layouts/event-index.php on line 116.
 1 APPPATH/Views/layouts/event-index.php(116): CodeIgniter\Debug\Exceptions->errorHandler()
 2 APPPATH/Views/layouts/event-index.php(116): include()
 3 SYSTEMPATH/View/View.php(213): include('APPPATH/Views/layouts/event-index.php')
 4 SYSTEMPATH/View/View.php(216): CodeIgniter\View\View->CodeIgniter\View\{closure}()
 5 SYSTEMPATH/Common.php(1134): CodeIgniter\View\View->render()
 6 APPPATH/Controllers/Event.php(43): view()
 7 SYSTEMPATH/CodeIgniter.php(927): App\Controllers\Event->index()
 8 SYSTEMPATH/CodeIgniter.php(482): CodeIgniter\CodeIgniter->runController()
 9 SYSTEMPATH/CodeIgniter.php(351): CodeIgniter\CodeIgniter->handleRequest()
10 FCPATH/index.php(67): CodeIgniter\CodeIgniter->run()
CRITICAL - 2023-03-05 20:04:11 --> include(../layouts/partials/pagination.php): Failed to open stream: No such file or directory
in APPPATH/Views/layouts/event-index.php on line 116.
 1 APPPATH/Views/layouts/event-index.php(116): CodeIgniter\Debug\Exceptions->errorHandler()
 2 APPPATH/Views/layouts/event-index.php(116): include()
 3 SYSTEMPATH/View/View.php(213): include('APPPATH/Views/layouts/event-index.php')
 4 SYSTEMPATH/View/View.php(216): CodeIgniter\View\View->CodeIgniter\View\{closure}()
 5 SYSTEMPATH/Common.php(1134): CodeIgniter\View\View->render()
 6 APPPATH/Controllers/Event.php(43): view()
 7 SYSTEMPATH/CodeIgniter.php(927): App\Controllers\Event->index()
 8 SYSTEMPATH/CodeIgniter.php(482): CodeIgniter\CodeIgniter->runController()
 9 SYSTEMPATH/CodeIgniter.php(351): CodeIgniter\CodeIgniter->handleRequest()
10 FCPATH/index.php(67): CodeIgniter\CodeIgniter->run()
CRITICAL - 2023-03-05 20:04:11 --> include(../layouts/partials/pagination.php): Failed to open stream: No such file or directory
in APPPATH/Views/layouts/event-index.php on line 116.
 1 APPPATH/Views/layouts/event-index.php(116): CodeIgniter\Debug\Exceptions->errorHandler()
 2 APPPATH/Views/layouts/event-index.php(116): include()
 3 SYSTEMPATH/View/View.php(213): include('APPPATH/Views/layouts/event-index.php')
 4 SYSTEMPATH/View/View.php(216): CodeIgniter\View\View->CodeIgniter\View\{closure}()
 5 SYSTEMPATH/Common.php(1134): CodeIgniter\View\View->render()
 6 APPPATH/Controllers/Event.php(43): view()
 7 SYSTEMPATH/CodeIgniter.php(927): App\Controllers\Event->index()
 8 SYSTEMPATH/CodeIgniter.php(482): CodeIgniter\CodeIgniter->runController()
 9 SYSTEMPATH/CodeIgniter.php(351): CodeIgniter\CodeIgniter->handleRequest()
10 FCPATH/index.php(67): CodeIgniter\CodeIgniter->run()
CRITICAL - 2023-03-05 20:04:11 --> include(../layouts/partials/pagination.php): Failed to open stream: No such file or directory
in APPPATH/Views/layouts/event-index.php on line 116.
 1 APPPATH/Views/layouts/event-index.php(116): CodeIgniter\Debug\Exceptions->errorHandler()
 2 APPPATH/Views/layouts/event-index.php(116): include()
 3 SYSTEMPATH/View/View.php(213): include('APPPATH/Views/layouts/event-index.php')
 4 SYSTEMPATH/View/View.php(216): CodeIgniter\View\View->CodeIgniter\View\{closure}()
 5 SYSTEMPATH/Common.php(1134): CodeIgniter\View\View->render()
 6 APPPATH/Controllers/Event.php(43): view()
 7 SYSTEMPATH/CodeIgniter.php(927): App\Controllers\Event->index()
 8 SYSTEMPATH/CodeIgniter.php(482): CodeIgniter\CodeIgniter->runController()
 9 SYSTEMPATH/CodeIgniter.php(351): CodeIgniter\CodeIgniter->handleRequest()
10 FCPATH/index.php(67): CodeIgniter\CodeIgniter->run()
CRITICAL - 2023-03-05 20:08:14 --> Invalid file: ../layouts/partials/pagination.php
in SYSTEMPATH/Exceptions/FrameworkException.php on line 33.
 1 SYSTEMPATH/View/View.php(201): CodeIgniter\Exceptions\FrameworkException::forInvalidFile()
 2 SYSTEMPATH/View/View.php(431): CodeIgniter\View\View->render()
 3 APPPATH/Views/layouts/event-index.php(116): CodeIgniter\View\View->include()
 4 SYSTEMPATH/View/View.php(213): include('APPPATH/Views/layouts/event-index.php')
 5 SYSTEMPATH/View/View.php(216): CodeIgniter\View\View->CodeIgniter\View\{closure}()
 6 SYSTEMPATH/Common.php(1134): CodeIgniter\View\View->render()
 7 APPPATH/Controllers/Event.php(43): view()
 8 SYSTEMPATH/CodeIgniter.php(927): App\Controllers\Event->index()
 9 SYSTEMPATH/CodeIgniter.php(482): CodeIgniter\CodeIgniter->runController()
10 SYSTEMPATH/CodeIgniter.php(351): CodeIgniter\CodeIgniter->handleRequest()
11 FCPATH/index.php(67): CodeIgniter\CodeIgniter->run()
CRITICAL - 2023-03-05 20:08:26 --> Invalid file: ../layouts/partials/pagination.php
in SYSTEMPATH/Exceptions/FrameworkException.php on line 33.
 1 SYSTEMPATH/View/View.php(201): CodeIgniter\Exceptions\FrameworkException::forInvalidFile()
 2 SYSTEMPATH/View/View.php(431): CodeIgniter\View\View->render()
 3 APPPATH/Views/layouts/event-index.php(116): CodeIgniter\View\View->include()
 4 SYSTEMPATH/View/View.php(213): include('APPPATH/Views/layouts/event-index.php')
 5 SYSTEMPATH/View/View.php(216): CodeIgniter\View\View->CodeIgniter\View\{closure}()
 6 SYSTEMPATH/Common.php(1134): CodeIgniter\View\View->render()
 7 APPPATH/Controllers/Event.php(43): view()
 8 SYSTEMPATH/CodeIgniter.php(927): App\Controllers\Event->index()
 9 SYSTEMPATH/CodeIgniter.php(482): CodeIgniter\CodeIgniter->runController()
10 SYSTEMPATH/CodeIgniter.php(351): CodeIgniter\CodeIgniter->handleRequest()
11 FCPATH/index.php(67): CodeIgniter\CodeIgniter->run()
CRITICAL - 2023-03-05 20:08:28 --> Invalid file: ../layouts/partials/pagination.php
in SYSTEMPATH/Exceptions/FrameworkException.php on line 33.
 1 SYSTEMPATH/View/View.php(201): CodeIgniter\Exceptions\FrameworkException::forInvalidFile()
 2 SYSTEMPATH/View/View.php(431): CodeIgniter\View\View->render()
 3 APPPATH/Views/layouts/event-index.php(116): CodeIgniter\View\View->include()
 4 SYSTEMPATH/View/View.php(213): include('APPPATH/Views/layouts/event-index.php')
 5 SYSTEMPATH/View/View.php(216): CodeIgniter\View\View->CodeIgniter\View\{closure}()
 6 SYSTEMPATH/Common.php(1134): CodeIgniter\View\View->render()
 7 APPPATH/Controllers/Event.php(43): view()
 8 SYSTEMPATH/CodeIgniter.php(927): App\Controllers\Event->index()
 9 SYSTEMPATH/CodeIgniter.php(482): CodeIgniter\CodeIgniter->runController()
10 SYSTEMPATH/CodeIgniter.php(351): CodeIgniter\CodeIgniter->handleRequest()
11 FCPATH/index.php(67): CodeIgniter\CodeIgniter->run()
CRITICAL - 2023-03-05 20:08:53 --> Undefined variable $actualUrl
in APPPATH/Views/layouts/partials/pagination.php on line 4.
 1 APPPATH/Views/layouts/partials/pagination.php(4): CodeIgniter\Debug\Exceptions->errorHandler()
 2 SYSTEMPATH/View/View.php(213): include('APPPATH/Views/layouts/partials/pagination.php')
 3 SYSTEMPATH/View/View.php(216): CodeIgniter\View\View->CodeIgniter\View\{closure}()
 4 SYSTEMPATH/View/View.php(431): CodeIgniter\View\View->render()
 5 APPPATH/Views/layouts/event-index.php(116): CodeIgniter\View\View->include()
 6 SYSTEMPATH/View/View.php(213): include('APPPATH/Views/layouts/event-index.php')
 7 SYSTEMPATH/View/View.php(216): CodeIgniter\View\View->CodeIgniter\View\{closure}()
 8 SYSTEMPATH/Common.php(1134): CodeIgniter\View\View->render()
 9 APPPATH/Controllers/Event.php(43): view()
10 SYSTEMPATH/CodeIgniter.php(927): App\Controllers\Event->index()
11 SYSTEMPATH/CodeIgniter.php(482): CodeIgniter\CodeIgniter->runController()
12 SYSTEMPATH/CodeIgniter.php(351): CodeIgniter\CodeIgniter->handleRequest()
13 FCPATH/index.php(67): CodeIgniter\CodeIgniter->run()
CRITICAL - 2023-03-05 20:08:55 --> Undefined variable $actualUrl
in APPPATH/Views/layouts/partials/pagination.php on line 4.
 1 APPPATH/Views/layouts/partials/pagination.php(4): CodeIgniter\Debug\Exceptions->errorHandler()
 2 SYSTEMPATH/View/View.php(213): include('APPPATH/Views/layouts/partials/pagination.php')
 3 SYSTEMPATH/View/View.php(216): CodeIgniter\View\View->CodeIgniter\View\{closure}()
 4 SYSTEMPATH/View/View.php(431): CodeIgniter\View\View->render()
 5 APPPATH/Views/layouts/event-index.php(116): CodeIgniter\View\View->include()
 6 SYSTEMPATH/View/View.php(213): include('APPPATH/Views/layouts/event-index.php')
 7 SYSTEMPATH/View/View.php(216): CodeIgniter\View\View->CodeIgniter\View\{closure}()
 8 SYSTEMPATH/Common.php(1134): CodeIgniter\View\View->render()
 9 APPPATH/Controllers/Event.php(43): view()
10 SYSTEMPATH/CodeIgniter.php(927): App\Controllers\Event->index()
11 SYSTEMPATH/CodeIgniter.php(482): CodeIgniter\CodeIgniter->runController()
12 SYSTEMPATH/CodeIgniter.php(351): CodeIgniter\CodeIgniter->handleRequest()
13 FCPATH/index.php(67): CodeIgniter\CodeIgniter->run()
CRITICAL - 2023-03-05 20:27:27 --> foreach() argument must be of type array|object, null given
in APPPATH/Views/layouts/announcement-index.php on line 47.
 1 APPPATH/Views/layouts/announcement-index.php(47): CodeIgniter\Debug\Exceptions->errorHandler()
 2 SYSTEMPATH/View/View.php(213): include('APPPATH/Views/layouts/announcement-index.php')
 3 SYSTEMPATH/View/View.php(216): CodeIgniter\View\View->CodeIgniter\View\{closure}()
 4 SYSTEMPATH/Common.php(1134): CodeIgniter\View\View->render()
 5 APPPATH/Controllers/Announcement.php(66): view()
 6 SYSTEMPATH/CodeIgniter.php(927): App\Controllers\Announcement->index()
 7 SYSTEMPATH/CodeIgniter.php(482): CodeIgniter\CodeIgniter->runController()
 8 SYSTEMPATH/CodeIgniter.php(351): CodeIgniter\CodeIgniter->handleRequest()
 9 FCPATH/index.php(67): CodeIgniter\CodeIgniter->run()
ERROR - 2023-03-05 20:29:35 --> mysqli_sql_exception: Unknown column 'dateStart' in 'field list' in /home/twelveio/projects/dashboard/system/Database/MySQLi/Connection.php:292
Stack trace:
#0 /home/twelveio/projects/dashboard/system/Database/MySQLi/Connection.php(292): mysqli->query()
#1 /home/twelveio/projects/dashboard/system/Database/BaseConnection.php(666): CodeIgniter\Database\MySQLi\Connection->execute()
#2 /home/twelveio/projects/dashboard/system/Database/BaseConnection.php(593): CodeIgniter\Database\BaseConnection->simpleQuery()
#3 /home/twelveio/projects/dashboard/system/Database/BaseBuilder.php(1585): CodeIgniter\Database\BaseConnection->query()
#4 /home/twelveio/projects/dashboard/app/Controllers/Event.php(50): CodeIgniter\Database\BaseBuilder->get()
#5 /home/twelveio/projects/dashboard/system/CodeIgniter.php(927): App\Controllers\Event->index()
#6 /home/twelveio/projects/dashboard/system/CodeIgniter.php(482): CodeIgniter\CodeIgniter->runController()
#7 /home/twelveio/projects/dashboard/system/CodeIgniter.php(351): CodeIgniter\CodeIgniter->handleRequest()
#8 /home/twelveio/projects/dashboard/public/index.php(67): CodeIgniter\CodeIgniter->run()
#9 {main}
CRITICAL - 2023-03-05 20:29:35 --> Unknown column 'dateStart' in 'field list'
in SYSTEMPATH/Database/MySQLi/Connection.php on line 292.
 1 SYSTEMPATH/Database/MySQLi/Connection.php(292): mysqli->query()
 2 SYSTEMPATH/Database/BaseConnection.php(666): CodeIgniter\Database\MySQLi\Connection->execute()
 3 SYSTEMPATH/Database/BaseConnection.php(593): CodeIgniter\Database\BaseConnection->simpleQuery()
 4 SYSTEMPATH/Database/BaseBuilder.php(1585): CodeIgniter\Database\BaseConnection->query()
 5 APPPATH/Controllers/Event.php(50): CodeIgniter\Database\BaseBuilder->get()
 6 SYSTEMPATH/CodeIgniter.php(927): App\Controllers\Event->index()
 7 SYSTEMPATH/CodeIgniter.php(482): CodeIgniter\CodeIgniter->runController()
 8 SYSTEMPATH/CodeIgniter.php(351): CodeIgniter\CodeIgniter->handleRequest()
 9 FCPATH/index.php(67): CodeIgniter\CodeIgniter->run()
CRITICAL - 2023-03-05 21:09:08 --> Undefined variable $data
in APPPATH/Controllers/Announcement.php on line 226.
 1 APPPATH/Controllers/Announcement.php(226): CodeIgniter\Debug\Exceptions->errorHandler()
 2 SYSTEMPATH/CodeIgniter.php(927): App\Controllers\Announcement->update()
 3 SYSTEMPATH/CodeIgniter.php(482): CodeIgniter\CodeIgniter->runController()
 4 SYSTEMPATH/CodeIgniter.php(351): CodeIgniter\CodeIgniter->handleRequest()
 5 FCPATH/index.php(67): CodeIgniter\CodeIgniter->run()
ERROR - 2023-03-05 21:26:48 --> mysqli_sql_exception: Incorrect DATETIME value: 'CURDATE()' in /home/twelveio/projects/dashboard/system/Database/MySQLi/Connection.php:292
Stack trace:
#0 /home/twelveio/projects/dashboard/system/Database/MySQLi/Connection.php(292): mysqli->query()
#1 /home/twelveio/projects/dashboard/system/Database/BaseConnection.php(666): CodeIgniter\Database\MySQLi\Connection->execute()
#2 /home/twelveio/projects/dashboard/system/Database/BaseConnection.php(593): CodeIgniter\Database\BaseConnection->simpleQuery()
#3 /home/twelveio/projects/dashboard/system/Database/BaseBuilder.php(1585): CodeIgniter\Database\BaseConnection->query()
#4 /home/twelveio/projects/dashboard/app/Controllers/Event.php(50): CodeIgniter\Database\BaseBuilder->get()
#5 /home/twelveio/projects/dashboard/system/CodeIgniter.php(927): App\Controllers\Event->index()
#6 /home/twelveio/projects/dashboard/system/CodeIgniter.php(482): CodeIgniter\CodeIgniter->runController()
#7 /home/twelveio/projects/dashboard/system/CodeIgniter.php(351): CodeIgniter\CodeIgniter->handleRequest()
#8 /home/twelveio/projects/dashboard/public/index.php(67): CodeIgniter\CodeIgniter->run()
#9 {main}
CRITICAL - 2023-03-05 21:26:48 --> Incorrect DATETIME value: 'CURDATE()'
in SYSTEMPATH/Database/MySQLi/Connection.php on line 292.
 1 SYSTEMPATH/Database/MySQLi/Connection.php(292): mysqli->query()
 2 SYSTEMPATH/Database/BaseConnection.php(666): CodeIgniter\Database\MySQLi\Connection->execute()
 3 SYSTEMPATH/Database/BaseConnection.php(593): CodeIgniter\Database\BaseConnection->simpleQuery()
 4 SYSTEMPATH/Database/BaseBuilder.php(1585): CodeIgniter\Database\BaseConnection->query()
 5 APPPATH/Controllers/Event.php(50): CodeIgniter\Database\BaseBuilder->get()
 6 SYSTEMPATH/CodeIgniter.php(927): App\Controllers\Event->index()
 7 SYSTEMPATH/CodeIgniter.php(482): CodeIgniter\CodeIgniter->runController()
 8 SYSTEMPATH/CodeIgniter.php(351): CodeIgniter\CodeIgniter->handleRequest()
 9 FCPATH/index.php(67): CodeIgniter\CodeIgniter->run()
ERROR - 2023-03-05 21:27:52 --> mysqli_sql_exception: Incorrect DATETIME value: 'NOW()' in /home/twelveio/projects/dashboard/system/Database/MySQLi/Connection.php:292
Stack trace:
#0 /home/twelveio/projects/dashboard/system/Database/MySQLi/Connection.php(292): mysqli->query()
#1 /home/twelveio/projects/dashboard/system/Database/BaseConnection.php(666): CodeIgniter\Database\MySQLi\Connection->execute()
#2 /home/twelveio/projects/dashboard/system/Database/BaseConnection.php(593): CodeIgniter\Database\BaseConnection->simpleQuery()
#3 /home/twelveio/projects/dashboard/system/Database/BaseBuilder.php(1585): CodeIgniter\Database\BaseConnection->query()
#4 /home/twelveio/projects/dashboard/app/Controllers/Event.php(50): CodeIgniter\Database\BaseBuilder->get()
#5 /home/twelveio/projects/dashboard/system/CodeIgniter.php(927): App\Controllers\Event->index()
#6 /home/twelveio/projects/dashboard/system/CodeIgniter.php(482): CodeIgniter\CodeIgniter->runController()
#7 /home/twelveio/projects/dashboard/system/CodeIgniter.php(351): CodeIgniter\CodeIgniter->handleRequest()
#8 /home/twelveio/projects/dashboard/public/index.php(67): CodeIgniter\CodeIgniter->run()
#9 {main}
CRITICAL - 2023-03-05 21:27:52 --> Incorrect DATETIME value: 'NOW()'
in SYSTEMPATH/Database/MySQLi/Connection.php on line 292.
 1 SYSTEMPATH/Database/MySQLi/Connection.php(292): mysqli->query()
 2 SYSTEMPATH/Database/BaseConnection.php(666): CodeIgniter\Database\MySQLi\Connection->execute()
 3 SYSTEMPATH/Database/BaseConnection.php(593): CodeIgniter\Database\BaseConnection->simpleQuery()
 4 SYSTEMPATH/Database/BaseBuilder.php(1585): CodeIgniter\Database\BaseConnection->query()
 5 APPPATH/Controllers/Event.php(50): CodeIgniter\Database\BaseBuilder->get()
 6 SYSTEMPATH/CodeIgniter.php(927): App\Controllers\Event->index()
 7 SYSTEMPATH/CodeIgniter.php(482): CodeIgniter\CodeIgniter->runController()
 8 SYSTEMPATH/CodeIgniter.php(351): CodeIgniter\CodeIgniter->handleRequest()
 9 FCPATH/index.php(67): CodeIgniter\CodeIgniter->run()
ERROR - 2023-03-05 21:27:54 --> mysqli_sql_exception: Incorrect DATETIME value: 'NOW()' in /home/twelveio/projects/dashboard/system/Database/MySQLi/Connection.php:292
Stack trace:
#0 /home/twelveio/projects/dashboard/system/Database/MySQLi/Connection.php(292): mysqli->query()
#1 /home/twelveio/projects/dashboard/system/Database/BaseConnection.php(666): CodeIgniter\Database\MySQLi\Connection->execute()
#2 /home/twelveio/projects/dashboard/system/Database/BaseConnection.php(593): CodeIgniter\Database\BaseConnection->simpleQuery()
#3 /home/twelveio/projects/dashboard/system/Database/BaseBuilder.php(1585): CodeIgniter\Database\BaseConnection->query()
#4 /home/twelveio/projects/dashboard/app/Controllers/Event.php(50): CodeIgniter\Database\BaseBuilder->get()
#5 /home/twelveio/projects/dashboard/system/CodeIgniter.php(927): App\Controllers\Event->index()
#6 /home/twelveio/projects/dashboard/system/CodeIgniter.php(482): CodeIgniter\CodeIgniter->runController()
#7 /home/twelveio/projects/dashboard/system/CodeIgniter.php(351): CodeIgniter\CodeIgniter->handleRequest()
#8 /home/twelveio/projects/dashboard/public/index.php(67): CodeIgniter\CodeIgniter->run()
#9 {main}
CRITICAL - 2023-03-05 21:27:54 --> Incorrect DATETIME value: 'NOW()'
in SYSTEMPATH/Database/MySQLi/Connection.php on line 292.
 1 SYSTEMPATH/Database/MySQLi/Connection.php(292): mysqli->query()
 2 SYSTEMPATH/Database/BaseConnection.php(666): CodeIgniter\Database\MySQLi\Connection->execute()
 3 SYSTEMPATH/Database/BaseConnection.php(593): CodeIgniter\Database\BaseConnection->simpleQuery()
 4 SYSTEMPATH/Database/BaseBuilder.php(1585): CodeIgniter\Database\BaseConnection->query()
 5 APPPATH/Controllers/Event.php(50): CodeIgniter\Database\BaseBuilder->get()
 6 SYSTEMPATH/CodeIgniter.php(927): App\Controllers\Event->index()
 7 SYSTEMPATH/CodeIgniter.php(482): CodeIgniter\CodeIgniter->runController()
 8 SYSTEMPATH/CodeIgniter.php(351): CodeIgniter\CodeIgniter->handleRequest()
 9 FCPATH/index.php(67): CodeIgniter\CodeIgniter->run()
CRITICAL - 2023-03-05 21:31:24 --> Call to undefined function form_open()
in APPPATH/Views/layouts/partials/searchbar.php on line 2.
 1 APPPATH/Views/layouts/galery-index.php(20): include_once()
 2 SYSTEMPATH/View/View.php(213): include('APPPATH/Views/layouts/galery-index.php')
 3 SYSTEMPATH/View/View.php(216): CodeIgniter\View\View->CodeIgniter\View\{closure}()
 4 SYSTEMPATH/Common.php(1134): CodeIgniter\View\View->render()
 5 APPPATH/Controllers/Galery.php(13): view()
 6 SYSTEMPATH/CodeIgniter.php(927): App\Controllers\Galery->index()
 7 SYSTEMPATH/CodeIgniter.php(482): CodeIgniter\CodeIgniter->runController()
 8 SYSTEMPATH/CodeIgniter.php(351): CodeIgniter\CodeIgniter->handleRequest()
 9 FCPATH/index.php(67): CodeIgniter\CodeIgniter->run()
CRITICAL - 2023-03-05 21:31:55 --> Too few arguments to function App\Controllers\Event::edit(), 0 passed in /home/twelveio/projects/dashboard/system/CodeIgniter.php on line 927 and exactly 1 expected
in APPPATH/Controllers/Event.php on line 82.
 1 SYSTEMPATH/CodeIgniter.php(927): App\Controllers\Event->edit()
 2 SYSTEMPATH/CodeIgniter.php(482): CodeIgniter\CodeIgniter->runController()
 3 SYSTEMPATH/CodeIgniter.php(351): CodeIgniter\CodeIgniter->handleRequest()
 4 FCPATH/index.php(67): CodeIgniter\CodeIgniter->run()
CRITICAL - 2023-03-05 21:33:36 --> Too few arguments to function App\Controllers\Event::edit(), 0 passed in /home/twelveio/projects/dashboard/system/CodeIgniter.php on line 927 and exactly 1 expected
in APPPATH/Controllers/Event.php on line 82.
 1 SYSTEMPATH/CodeIgniter.php(927): App\Controllers\Event->edit()
 2 SYSTEMPATH/CodeIgniter.php(482): CodeIgniter\CodeIgniter->runController()
 3 SYSTEMPATH/CodeIgniter.php(351): CodeIgniter\CodeIgniter->handleRequest()
 4 FCPATH/index.php(67): CodeIgniter\CodeIgniter->run()
CRITICAL - 2023-03-05 21:33:37 --> Too few arguments to function App\Controllers\Event::edit(), 0 passed in /home/twelveio/projects/dashboard/system/CodeIgniter.php on line 927 and exactly 1 expected
in APPPATH/Controllers/Event.php on line 82.
 1 SYSTEMPATH/CodeIgniter.php(927): App\Controllers\Event->edit()
 2 SYSTEMPATH/CodeIgniter.php(482): CodeIgniter\CodeIgniter->runController()
 3 SYSTEMPATH/CodeIgniter.php(351): CodeIgniter\CodeIgniter->handleRequest()
 4 FCPATH/index.php(67): CodeIgniter\CodeIgniter->run()
CRITICAL - 2023-03-05 21:33:38 --> Too few arguments to function App\Controllers\Event::edit(), 0 passed in /home/twelveio/projects/dashboard/system/CodeIgniter.php on line 927 and exactly 1 expected
in APPPATH/Controllers/Event.php on line 82.
 1 SYSTEMPATH/CodeIgniter.php(927): App\Controllers\Event->edit()
 2 SYSTEMPATH/CodeIgniter.php(482): CodeIgniter\CodeIgniter->runController()
 3 SYSTEMPATH/CodeIgniter.php(351): CodeIgniter\CodeIgniter->handleRequest()
 4 FCPATH/index.php(67): CodeIgniter\CodeIgniter->run()
CRITICAL - 2023-03-05 21:33:38 --> Too few arguments to function App\Controllers\Event::edit(), 0 passed in /home/twelveio/projects/dashboard/system/CodeIgniter.php on line 927 and exactly 1 expected
in APPPATH/Controllers/Event.php on line 82.
 1 SYSTEMPATH/CodeIgniter.php(927): App\Controllers\Event->edit()
 2 SYSTEMPATH/CodeIgniter.php(482): CodeIgniter\CodeIgniter->runController()
 3 SYSTEMPATH/CodeIgniter.php(351): CodeIgniter\CodeIgniter->handleRequest()
 4 FCPATH/index.php(67): CodeIgniter\CodeIgniter->run()
CRITICAL - 2023-03-05 21:33:38 --> Too few arguments to function App\Controllers\Event::edit(), 0 passed in /home/twelveio/projects/dashboard/system/CodeIgniter.php on line 927 and exactly 1 expected
in APPPATH/Controllers/Event.php on line 82.
 1 SYSTEMPATH/CodeIgniter.php(927): App\Controllers\Event->edit()
 2 SYSTEMPATH/CodeIgniter.php(482): CodeIgniter\CodeIgniter->runController()
 3 SYSTEMPATH/CodeIgniter.php(351): CodeIgniter\CodeIgniter->handleRequest()
 4 FCPATH/index.php(67): CodeIgniter\CodeIgniter->run()
CRITICAL - 2023-03-05 21:33:39 --> Too few arguments to function App\Controllers\Event::edit(), 0 passed in /home/twelveio/projects/dashboard/system/CodeIgniter.php on line 927 and exactly 1 expected
in APPPATH/Controllers/Event.php on line 82.
 1 SYSTEMPATH/CodeIgniter.php(927): App\Controllers\Event->edit()
 2 SYSTEMPATH/CodeIgniter.php(482): CodeIgniter\CodeIgniter->runController()
 3 SYSTEMPATH/CodeIgniter.php(351): CodeIgniter\CodeIgniter->handleRequest()
 4 FCPATH/index.php(67): CodeIgniter\CodeIgniter->run()
CRITICAL - 2023-03-05 21:33:39 --> Too few arguments to function App\Controllers\Event::edit(), 0 passed in /home/twelveio/projects/dashboard/system/CodeIgniter.php on line 927 and exactly 1 expected
in APPPATH/Controllers/Event.php on line 82.
 1 SYSTEMPATH/CodeIgniter.php(927): App\Controllers\Event->edit()
 2 SYSTEMPATH/CodeIgniter.php(482): CodeIgniter\CodeIgniter->runController()
 3 SYSTEMPATH/CodeIgniter.php(351): CodeIgniter\CodeIgniter->handleRequest()
 4 FCPATH/index.php(67): CodeIgniter\CodeIgniter->run()
CRITICAL - 2023-03-05 22:40:35 --> Attempt to read property "announcement_id" on array
in APPPATH/Controllers/Announcement.php on line 91.
 1 APPPATH/Controllers/Announcement.php(91): CodeIgniter\Debug\Exceptions->errorHandler()
 2 SYSTEMPATH/CodeIgniter.php(927): App\Controllers\Announcement->edit()
 3 SYSTEMPATH/CodeIgniter.php(482): CodeIgniter\CodeIgniter->runController()
 4 SYSTEMPATH/CodeIgniter.php(351): CodeIgniter\CodeIgniter->handleRequest()
 5 FCPATH/index.php(67): CodeIgniter\CodeIgniter->run()
CRITICAL - 2023-03-05 22:41:49 --> Attempt to read property "event_id" on array
in APPPATH/Controllers/Event.php on line 94.
 1 APPPATH/Controllers/Event.php(94): CodeIgniter\Debug\Exceptions->errorHandler()
 2 SYSTEMPATH/CodeIgniter.php(927): App\Controllers\Event->edit()
 3 SYSTEMPATH/CodeIgniter.php(482): CodeIgniter\CodeIgniter->runController()
 4 SYSTEMPATH/CodeIgniter.php(351): CodeIgniter\CodeIgniter->handleRequest()
 5 FCPATH/index.php(67): CodeIgniter\CodeIgniter->run()
CRITICAL - 2023-03-05 22:44:18 --> Attempt to read property "event_id" on array
in APPPATH/Controllers/Event.php on line 94.
 1 APPPATH/Controllers/Event.php(94): CodeIgniter\Debug\Exceptions->errorHandler()
 2 SYSTEMPATH/CodeIgniter.php(927): App\Controllers\Event->edit()
 3 SYSTEMPATH/CodeIgniter.php(482): CodeIgniter\CodeIgniter->runController()
 4 SYSTEMPATH/CodeIgniter.php(351): CodeIgniter\CodeIgniter->handleRequest()
 5 FCPATH/index.php(67): CodeIgniter\CodeIgniter->run()
CRITICAL - 2023-03-05 23:20:06 --> Undefined variable $data
in APPPATH/Views/layouts/partials/searchbar.php on line 2.
 1 APPPATH/Views/layouts/partials/searchbar.php(2): CodeIgniter\Debug\Exceptions->errorHandler()
 2 APPPATH/Views/layouts/event-submission.php(19): include_once('APPPATH/Views/layouts/partials/searchbar.php')
 3 SYSTEMPATH/View/View.php(213): include('APPPATH/Views/layouts/event-submission.php')
 4 SYSTEMPATH/View/View.php(216): CodeIgniter\View\View->CodeIgniter\View\{closure}()
 5 SYSTEMPATH/Common.php(1134): CodeIgniter\View\View->render()
 6 APPPATH/Controllers/Event.php(220): view()
 7 SYSTEMPATH/CodeIgniter.php(927): App\Controllers\Event->submission()
 8 SYSTEMPATH/CodeIgniter.php(482): CodeIgniter\CodeIgniter->runController()
 9 SYSTEMPATH/CodeIgniter.php(351): CodeIgniter\CodeIgniter->handleRequest()
10 FCPATH/index.php(67): CodeIgniter\CodeIgniter->run()
CRITICAL - 2023-03-05 23:23:51 --> Call to undefined function form_open()
in APPPATH/Views/layouts/partials/searchbar.php on line 2.
 1 APPPATH/Views/layouts/event-submission.php(19): include_once()
 2 SYSTEMPATH/View/View.php(213): include('APPPATH/Views/layouts/event-submission.php')
 3 SYSTEMPATH/View/View.php(216): CodeIgniter\View\View->CodeIgniter\View\{closure}()
 4 SYSTEMPATH/Common.php(1134): CodeIgniter\View\View->render()
 5 APPPATH/Controllers/EventSubmission.php(12): view()
 6 SYSTEMPATH/CodeIgniter.php(927): App\Controllers\EventSubmission->index()
 7 SYSTEMPATH/CodeIgniter.php(482): CodeIgniter\CodeIgniter->runController()
 8 SYSTEMPATH/CodeIgniter.php(351): CodeIgniter\CodeIgniter->handleRequest()
 9 FCPATH/index.php(67): CodeIgniter\CodeIgniter->run()
CRITICAL - 2023-03-05 23:24:00 --> Call to undefined function form_open()
in APPPATH/Views/layouts/partials/searchbar.php on line 2.
 1 APPPATH/Views/layouts/galery-index.php(20): include_once()
 2 SYSTEMPATH/View/View.php(213): include('APPPATH/Views/layouts/galery-index.php')
 3 SYSTEMPATH/View/View.php(216): CodeIgniter\View\View->CodeIgniter\View\{closure}()
 4 SYSTEMPATH/Common.php(1134): CodeIgniter\View\View->render()
 5 APPPATH/Controllers/Galery.php(13): view()
 6 SYSTEMPATH/CodeIgniter.php(927): App\Controllers\Galery->index()
 7 SYSTEMPATH/CodeIgniter.php(482): CodeIgniter\CodeIgniter->runController()
 8 SYSTEMPATH/CodeIgniter.php(351): CodeIgniter\CodeIgniter->handleRequest()
 9 FCPATH/index.php(67): CodeIgniter\CodeIgniter->run()
CRITICAL - 2023-03-05 23:25:11 --> Invalid file: layouts/galery-index.php
in SYSTEMPATH/Exceptions/FrameworkException.php on line 33.
 1 SYSTEMPATH/View/View.php(201): CodeIgniter\Exceptions\FrameworkException::forInvalidFile()
 2 SYSTEMPATH/Common.php(1134): CodeIgniter\View\View->render()
 3 APPPATH/Controllers/Gallery.php(13): view()
 4 SYSTEMPATH/CodeIgniter.php(927): App\Controllers\Gallery->index()
 5 SYSTEMPATH/CodeIgniter.php(482): CodeIgniter\CodeIgniter->runController()
 6 SYSTEMPATH/CodeIgniter.php(351): CodeIgniter\CodeIgniter->handleRequest()
 7 FCPATH/index.php(67): CodeIgniter\CodeIgniter->run()
CRITICAL - 2023-03-05 23:44:45 --> Call to undefined function form_open()
in APPPATH/Views/layouts/partials/searchbar.php on line 2.
 1 APPPATH/Views/layouts/gallery-index.php(20): include_once()
 2 SYSTEMPATH/View/View.php(213): include('APPPATH/Views/layouts/gallery-index.php')
 3 SYSTEMPATH/View/View.php(216): CodeIgniter\View\View->CodeIgniter\View\{closure}()
 4 SYSTEMPATH/Common.php(1134): CodeIgniter\View\View->render()
 5 APPPATH/Controllers/Gallery.php(13): view()
 6 SYSTEMPATH/CodeIgniter.php(927): App\Controllers\Gallery->index()
 7 SYSTEMPATH/CodeIgniter.php(482): CodeIgniter\CodeIgniter->runController()
 8 SYSTEMPATH/CodeIgniter.php(351): CodeIgniter\CodeIgniter->handleRequest()
 9 FCPATH/index.php(67): CodeIgniter\CodeIgniter->run()
CRITICAL - 2023-03-05 23:45:07 --> Call to undefined function form_open()
in APPPATH/Views/layouts/partials/searchbar.php on line 2.
 1 APPPATH/Views/layouts/gallery-index.php(20): include_once()
 2 SYSTEMPATH/View/View.php(213): include('APPPATH/Views/layouts/gallery-index.php')
 3 SYSTEMPATH/View/View.php(216): CodeIgniter\View\View->CodeIgniter\View\{closure}()
 4 SYSTEMPATH/Common.php(1134): CodeIgniter\View\View->render()
 5 APPPATH/Controllers/Gallery.php(20): view()
 6 SYSTEMPATH/CodeIgniter.php(927): App\Controllers\Gallery->index()
 7 SYSTEMPATH/CodeIgniter.php(482): CodeIgniter\CodeIgniter->runController()
 8 SYSTEMPATH/CodeIgniter.php(351): CodeIgniter\CodeIgniter->handleRequest()
 9 FCPATH/index.php(67): CodeIgniter\CodeIgniter->run()
CRITICAL - 2023-03-05 23:45:08 --> Call to undefined function form_open()
in APPPATH/Views/layouts/partials/searchbar.php on line 2.
 1 APPPATH/Views/layouts/gallery-index.php(20): include_once()
 2 SYSTEMPATH/View/View.php(213): include('APPPATH/Views/layouts/gallery-index.php')
 3 SYSTEMPATH/View/View.php(216): CodeIgniter\View\View->CodeIgniter\View\{closure}()
 4 SYSTEMPATH/Common.php(1134): CodeIgniter\View\View->render()
 5 APPPATH/Controllers/Gallery.php(20): view()
 6 SYSTEMPATH/CodeIgniter.php(927): App\Controllers\Gallery->index()
 7 SYSTEMPATH/CodeIgniter.php(482): CodeIgniter\CodeIgniter->runController()
 8 SYSTEMPATH/CodeIgniter.php(351): CodeIgniter\CodeIgniter->handleRequest()
 9 FCPATH/index.php(67): CodeIgniter\CodeIgniter->run()
CRITICAL - 2023-03-05 23:45:08 --> Call to undefined function form_open()
in APPPATH/Views/layouts/partials/searchbar.php on line 2.
 1 APPPATH/Views/layouts/gallery-index.php(20): include_once()
 2 SYSTEMPATH/View/View.php(213): include('APPPATH/Views/layouts/gallery-index.php')
 3 SYSTEMPATH/View/View.php(216): CodeIgniter\View\View->CodeIgniter\View\{closure}()
 4 SYSTEMPATH/Common.php(1134): CodeIgniter\View\View->render()
 5 APPPATH/Controllers/Gallery.php(20): view()
 6 SYSTEMPATH/CodeIgniter.php(927): App\Controllers\Gallery->index()
 7 SYSTEMPATH/CodeIgniter.php(482): CodeIgniter\CodeIgniter->runController()
 8 SYSTEMPATH/CodeIgniter.php(351): CodeIgniter\CodeIgniter->handleRequest()
 9 FCPATH/index.php(67): CodeIgniter\CodeIgniter->run()
CRITICAL - 2023-03-05 23:45:09 --> Call to undefined function form_open()
in APPPATH/Views/layouts/partials/searchbar.php on line 2.
 1 APPPATH/Views/layouts/gallery-index.php(20): include_once()
 2 SYSTEMPATH/View/View.php(213): include('APPPATH/Views/layouts/gallery-index.php')
 3 SYSTEMPATH/View/View.php(216): CodeIgniter\View\View->CodeIgniter\View\{closure}()
 4 SYSTEMPATH/Common.php(1134): CodeIgniter\View\View->render()
 5 APPPATH/Controllers/Gallery.php(20): view()
 6 SYSTEMPATH/CodeIgniter.php(927): App\Controllers\Gallery->index()
 7 SYSTEMPATH/CodeIgniter.php(482): CodeIgniter\CodeIgniter->runController()
 8 SYSTEMPATH/CodeIgniter.php(351): CodeIgniter\CodeIgniter->handleRequest()
 9 FCPATH/index.php(67): CodeIgniter\CodeIgniter->run()
CRITICAL - 2023-03-05 23:45:09 --> Call to undefined function form_open()
in APPPATH/Views/layouts/partials/searchbar.php on line 2.
 1 APPPATH/Views/layouts/gallery-index.php(20): include_once()
 2 SYSTEMPATH/View/View.php(213): include('APPPATH/Views/layouts/gallery-index.php')
 3 SYSTEMPATH/View/View.php(216): CodeIgniter\View\View->CodeIgniter\View\{closure}()
 4 SYSTEMPATH/Common.php(1134): CodeIgniter\View\View->render()
 5 APPPATH/Controllers/Gallery.php(20): view()
 6 SYSTEMPATH/CodeIgniter.php(927): App\Controllers\Gallery->index()
 7 SYSTEMPATH/CodeIgniter.php(482): CodeIgniter\CodeIgniter->runController()
 8 SYSTEMPATH/CodeIgniter.php(351): CodeIgniter\CodeIgniter->handleRequest()
 9 FCPATH/index.php(67): CodeIgniter\CodeIgniter->run()
CRITICAL - 2023-03-05 23:45:09 --> Call to undefined function form_open()
in APPPATH/Views/layouts/partials/searchbar.php on line 2.
 1 APPPATH/Views/layouts/gallery-index.php(20): include_once()
 2 SYSTEMPATH/View/View.php(213): include('APPPATH/Views/layouts/gallery-index.php')
 3 SYSTEMPATH/View/View.php(216): CodeIgniter\View\View->CodeIgniter\View\{closure}()
 4 SYSTEMPATH/Common.php(1134): CodeIgniter\View\View->render()
 5 APPPATH/Controllers/Gallery.php(20): view()
 6 SYSTEMPATH/CodeIgniter.php(927): App\Controllers\Gallery->index()
 7 SYSTEMPATH/CodeIgniter.php(482): CodeIgniter\CodeIgniter->runController()
 8 SYSTEMPATH/CodeIgniter.php(351): CodeIgniter\CodeIgniter->handleRequest()
 9 FCPATH/index.php(67): CodeIgniter\CodeIgniter->run()
CRITICAL - 2023-03-05 23:45:30 --> Call to undefined function form_open()
in APPPATH/Views/layouts/partials/searchbar.php on line 2.
 1 APPPATH/Views/layouts/gallery-index.php(20): include_once()
 2 SYSTEMPATH/View/View.php(213): include('APPPATH/Views/layouts/gallery-index.php')
 3 SYSTEMPATH/View/View.php(216): CodeIgniter\View\View->CodeIgniter\View\{closure}()
 4 SYSTEMPATH/Common.php(1134): CodeIgniter\View\View->render()
 5 APPPATH/Controllers/Gallery.php(20): view()
 6 SYSTEMPATH/CodeIgniter.php(927): App\Controllers\Gallery->index()
 7 SYSTEMPATH/CodeIgniter.php(482): CodeIgniter\CodeIgniter->runController()
 8 SYSTEMPATH/CodeIgniter.php(351): CodeIgniter\CodeIgniter->handleRequest()
 9 FCPATH/index.php(67): CodeIgniter\CodeIgniter->run()
CRITICAL - 2023-03-05 23:45:49 --> Call to undefined function form_open()
in APPPATH/Views/layouts/partials/searchbar.php on line 2.
 1 APPPATH/Views/layouts/gallery-index.php(20): include_once()
 2 SYSTEMPATH/View/View.php(213): include('APPPATH/Views/layouts/gallery-index.php')
 3 SYSTEMPATH/View/View.php(216): CodeIgniter\View\View->CodeIgniter\View\{closure}()
 4 SYSTEMPATH/Common.php(1134): CodeIgniter\View\View->render()
 5 APPPATH/Controllers/Gallery.php(20): view()
 6 SYSTEMPATH/CodeIgniter.php(927): App\Controllers\Gallery->index()
 7 SYSTEMPATH/CodeIgniter.php(482): CodeIgniter\CodeIgniter->runController()
 8 SYSTEMPATH/CodeIgniter.php(351): CodeIgniter\CodeIgniter->handleRequest()
 9 FCPATH/index.php(67): CodeIgniter\CodeIgniter->run()
CRITICAL - 2023-03-05 23:48:41 --> Call to undefined function form_open()
in APPPATH/Views/layouts/partials/searchbar.php on line 2.
 1 APPPATH/Views/layouts/gallery-index.php(20): include_once()
 2 SYSTEMPATH/View/View.php(213): include('APPPATH/Views/layouts/gallery-index.php')
 3 SYSTEMPATH/View/View.php(216): CodeIgniter\View\View->CodeIgniter\View\{closure}()
 4 SYSTEMPATH/Common.php(1134): CodeIgniter\View\View->render()
 5 APPPATH/Controllers/Gallery.php(20): view()
 6 SYSTEMPATH/CodeIgniter.php(927): App\Controllers\Gallery->index()
 7 SYSTEMPATH/CodeIgniter.php(482): CodeIgniter\CodeIgniter->runController()
 8 SYSTEMPATH/CodeIgniter.php(351): CodeIgniter\CodeIgniter->handleRequest()
 9 FCPATH/index.php(67): CodeIgniter\CodeIgniter->run()
CRITICAL - 2023-03-05 23:57:01 --> Invalid file: layouts/gallery-add.php
in SYSTEMPATH/Exceptions/FrameworkException.php on line 33.
 1 SYSTEMPATH/View/View.php(201): CodeIgniter\Exceptions\FrameworkException::forInvalidFile()
 2 SYSTEMPATH/Common.php(1134): CodeIgniter\View\View->render()
 3 APPPATH/Controllers/Gallery.php(73): view()
 4 SYSTEMPATH/CodeIgniter.php(927): App\Controllers\Gallery->add()
 5 SYSTEMPATH/CodeIgniter.php(482): CodeIgniter\CodeIgniter->runController()
 6 SYSTEMPATH/CodeIgniter.php(351): CodeIgniter\CodeIgniter->handleRequest()
 7 FCPATH/index.php(67): CodeIgniter\CodeIgniter->run()
ERROR - 2023-03-05 23:59:25 --> mysqli_sql_exception: Unknown column 'gallery_id' in 'field list' in /home/twelveio/projects/dashboard/system/Database/MySQLi/Connection.php:292
Stack trace:
#0 /home/twelveio/projects/dashboard/system/Database/MySQLi/Connection.php(292): mysqli->query()
#1 /home/twelveio/projects/dashboard/system/Database/BaseConnection.php(666): CodeIgniter\Database\MySQLi\Connection->execute()
#2 /home/twelveio/projects/dashboard/system/Database/BaseConnection.php(593): CodeIgniter\Database\BaseConnection->simpleQuery()
#3 /home/twelveio/projects/dashboard/system/Database/BaseBuilder.php(1585): CodeIgniter\Database\BaseConnection->query()
#4 /home/twelveio/projects/dashboard/app/Controllers/Gallery.php(64): CodeIgniter\Database\BaseBuilder->get()
#5 /home/twelveio/projects/dashboard/system/CodeIgniter.php(927): App\Controllers\Gallery->index()
#6 /home/twelveio/projects/dashboard/system/CodeIgniter.php(482): CodeIgniter\CodeIgniter->runController()
#7 /home/twelveio/projects/dashboard/system/CodeIgniter.php(351): CodeIgniter\CodeIgniter->handleRequest()
#8 /home/twelveio/projects/dashboard/public/index.php(67): CodeIgniter\CodeIgniter->run()
#9 {main}
CRITICAL - 2023-03-05 23:59:25 --> Unknown column 'gallery_id' in 'field list'
in SYSTEMPATH/Database/MySQLi/Connection.php on line 292.
 1 SYSTEMPATH/Database/MySQLi/Connection.php(292): mysqli->query()
 2 SYSTEMPATH/Database/BaseConnection.php(666): CodeIgniter\Database\MySQLi\Connection->execute()
 3 SYSTEMPATH/Database/BaseConnection.php(593): CodeIgniter\Database\BaseConnection->simpleQuery()
 4 SYSTEMPATH/Database/BaseBuilder.php(1585): CodeIgniter\Database\BaseConnection->query()
 5 APPPATH/Controllers/Gallery.php(64): CodeIgniter\Database\BaseBuilder->get()
 6 SYSTEMPATH/CodeIgniter.php(927): App\Controllers\Gallery->index()
 7 SYSTEMPATH/CodeIgniter.php(482): CodeIgniter\CodeIgniter->runController()
 8 SYSTEMPATH/CodeIgniter.php(351): CodeIgniter\CodeIgniter->handleRequest()
 9 FCPATH/index.php(67): CodeIgniter\CodeIgniter->run()
